Loading data...
Data is read...
(32,32,3,50000)
(32,32,3,10000)
0
Computing Accuracy...
5000.0 50000 5.446961939385478e10 500
Computing Accuracy...
1000.0 10000 1.0956026512371017e10 100
(:iter,0,:trn,(0.1f0,1.0893923878770956e8),:val,(0.1f0,1.0956026512371017e8))
iter 1
 
iter 50
 
iter 100
 
iter 150
 
iter 200
 
iter 250
 
iter 300
 
iter 350
 
iter 400
 
iter 450
 
iter 500
 
Computing Accuracy...
13471.0 50000 1144.9810160717461 500
Computing Accuracy...
2745.0 10000 229.16969750565477 100
(:iter,500,:trn,(0.26942f0,2.2899620321434924),:val,(0.2745f0,2.2916969750565475))
iter 550
 
iter 600
 
iter 650
 
iter 700
 
iter 750
 
iter 800
 
iter 850
 
iter 900
 
iter 950
 
iter 1000
 
Computing Accuracy...
23990.0 50000 896.1638816641644 500
Computing Accuracy...
4798.0 10000 178.91406691167504 100
(:iter,1000,:trn,(0.4798f0,1.7923277633283288),:val,(0.4798f0,1.7891406691167504))
iter 1050
 
iter 1100
 
iter 1150
 
iter 1200
 
iter 1250
 
iter 1300
 
iter 1350
 
iter 1400
 
iter 1450
 
iter 1500
 
Computing Accuracy...
30411.0 50000 700.6582569130696 500
Computing Accuracy...
5975.0 10000 144.3284133602865 100
(:iter,1500,:trn,(0.60822f0,1.4013165138261392),:val,(0.5975f0,1.443284133602865))
iter 1550
 
iter 1600
 
iter 1650
 
iter 1700
 
iter 1750
 
iter 1800
 
iter 1850
 
iter 1900
 
iter 1950
 
iter 2000
 
Computing Accuracy...
27512.0 50000 791.4096767860465 500
Computing Accuracy...
5431.0 10000 162.47462687408552 100
(:iter,2000,:trn,(0.55024f0,1.582819353572093),:val,(0.5431f0,1.6247462687408551))
iter 2050
 
iter 2100
 
iter 2150
 
iter 2200
 
iter 2250
 
iter 2300
 
iter 2350
 
iter 2400
 
iter 2450
 
iter 2500
 
Computing Accuracy...
32202.0 50000 616.6367003971245 500
Computing Accuracy...
6266.0 10000 130.19184043514542 100
(:iter,2500,:trn,(0.64404f0,1.233273400794249),:val,(0.6266f0,1.3019184043514542))
iter 2550
 
iter 2600
 
iter 2650
 
iter 2700
 
iter 2750
 
iter 2800
 
iter 2850
 
iter 2900
 
iter 2950
 
iter 3000
 
Computing Accuracy...
36748.0 50000 482.70527121960185 500
Computing Accuracy...
7141.0 10000 103.23183658230118 100
(:iter,3000,:trn,(0.73496f0,0.9654105424392037),:val,(0.7141f0,1.032318365823012))
iter 3050
 
iter 3100
 
iter 3150
 
iter 3200
 
iter 3250
 
iter 3300
 
iter 3350
 
iter 3400
 
iter 3450
 
iter 3500
 
Computing Accuracy...
37935.0 50000 439.09343373193406 500
Computing Accuracy...
7260.0 10000 95.6102146494668 100
(:iter,3500,:trn,(0.7587f0,0.8781868674638681),:val,(0.726f0,0.956102146494668))
iter 3550
 
iter 3600
 
iter 3650
 
iter 3700
 
iter 3750
 
iter 3800
 
iter 3850
 
iter 3900
 
iter 3950
 
iter 4000
 
Computing Accuracy...
35494.0 50000 508.4269051468 500
Computing Accuracy...
6860.0 10000 110.46862096618861 100
(:iter,4000,:trn,(0.70988f0,1.0168538102936),:val,(0.686f0,1.1046862096618861))
iter 4050
 
iter 4100
 
iter 4150
 
iter 4200
 
iter 4250
 
iter 4300
 
iter 4350
 
iter 4400
 
iter 4450
 
iter 4500
 
Computing Accuracy...
36905.0 50000 447.2915148756001 500
Computing Accuracy...
7123.0 10000 97.87260226649232 100
(:iter,4500,:trn,(0.7381f0,0.8945830297512002),:val,(0.7123f0,0.9787260226649233))
iter 4550
 
iter 4600
 
iter 4650
 
iter 4700
 
iter 4750
 
iter 4800
 
iter 4850
 
iter 4900
 
iter 4950
 
iter 5000
 
Computing Accuracy...
37695.0 50000 446.11694597639143 500
Computing Accuracy...
7244.0 10000 101.14254234917462 100
(:iter,5000,:trn,(0.7539f0,0.8922338919527829),:val,(0.7244f0,1.0114254234917461))
iter 5050
 
iter 5100
 
iter 5150
 
iter 5200
 
iter 5250
 
iter 5300
 
iter 5350
 
iter 5400
 
iter 5450
 
iter 5500
 
Computing Accuracy...
40073.0 50000 361.7930139952805 500
Computing Accuracy...
7655.0 10000 82.72302269446664 100
(:iter,5500,:trn,(0.80146f0,0.7235860279905609),:val,(0.7655f0,0.8272302269446663))
iter 5550
 
iter 5600
 
iter 5650
 
iter 5700
 
iter 5750
 
iter 5800
 
iter 5850
 
iter 5900
 
iter 5950
 
iter 6000
 
Computing Accuracy...
40091.0 50000 364.4669651307631 500
Computing Accuracy...
7647.0 10000 85.31007340387441 100
(:iter,6000,:trn,(0.80182f0,0.7289339302615263),:val,(0.7647f0,0.8531007340387441))
iter 6050
 
iter 6100
 
iter 6150
 
iter 6200
 
iter 6250
 
iter 6300
 
iter 6350
 
iter 6400
 
iter 6450
 
iter 6500
 
Computing Accuracy...
41172.0 50000 326.88428091374226 500
Computing Accuracy...
7861.0 10000 78.33190914266743 100
(:iter,6500,:trn,(0.82344f0,0.6537685618274846),:val,(0.7861f0,0.7833190914266743))
iter 6550
 
iter 6600
 
iter 6650
 
iter 6700
 
iter 6750
 
iter 6800
 
iter 6850
 
iter 6900
 
iter 6950
 
iter 7000
 
Computing Accuracy...
40984.0 50000 337.63834228902124 500
Computing Accuracy...
7779.0 10000 79.62299131113105 100
(:iter,7000,:trn,(0.81968f0,0.6752766845780425),:val,(0.7779f0,0.7962299131113104))
iter 7050
 
iter 7100
 
iter 7150
 
iter 7200
 
iter 7250
 
iter 7300
 
iter 7350
 
iter 7400
 
iter 7450
 
iter 7500
 
Computing Accuracy...
41816.0 50000 305.35358862252906 500
Computing Accuracy...
7941.0 10000 74.78065668279305 100
(:iter,7500,:trn,(0.83632f0,0.6107071772450581),:val,(0.7941f0,0.7478065668279306))
iter 7550
 
iter 7600
 
iter 7650
 
iter 7700
 
iter 7750
 
iter 7800
 
iter 7850
 
iter 7900
 
iter 7950
 
iter 8000
 
Computing Accuracy...
41175.0 50000 327.26569590426516 500
Computing Accuracy...
7845.0 10000 79.5348928043386 100
(:iter,8000,:trn,(0.8235f0,0.6545313918085303),:val,(0.7845f0,0.795348928043386))
iter 8050
 
iter 8100
 
iter 8150
 
iter 8200
 
iter 8250
 
iter 8300
 
iter 8350
 
iter 8400
 
iter 8450
 
iter 8500
 
Computing Accuracy...
42168.0 50000 296.04223313520197 500
Computing Accuracy...
8006.0 10000 73.79550255753566 100
(:iter,8500,:trn,(0.84336f0,0.5920844662704039),:val,(0.8006f0,0.7379550255753565))
iter 8550
 
iter 8600
 
iter 8650
 
iter 8700
 
iter 8750
 
iter 8800
 
iter 8850
 
iter 8900
 
iter 8950
 
iter 9000
 
Computing Accuracy...
40864.0 50000 336.7200039224699 500
Computing Accuracy...
7771.0 10000 81.39786861930043 100
(:iter,9000,:trn,(0.81728f0,0.6734400078449398),:val,(0.7771f0,0.8139786861930043))
iter 9050
 
iter 9100
 
iter 9150
 
iter 9200
 
iter 9250
 
iter 9300
 
iter 9350
 
iter 9400
 
iter 9450
 
iter 9500
 
Computing Accuracy...
39621.0 50000 385.7072608884191 500
Computing Accuracy...
7497.0 10000 92.91564688913058 100
(:iter,9500,:trn,(0.79242f0,0.7714145217768382),:val,(0.7497f0,0.9291564688913059))
iter 9550
 
iter 9600
 
iter 9650
 
iter 9700
 
iter 9750
 
iter 9800
 
iter 9850
 
iter 9900
 
iter 9950
 
iter 10000
 
Computing Accuracy...
42122.0 50000 297.32328898611013 500
Computing Accuracy...
8010.0 10000 75.09170797944535 100
(:iter,10000,:trn,(0.84244f0,0.5946465779722202),:val,(0.801f0,0.7509170797944534))
iter 10050
 
iter 10100
 
iter 10150
 
iter 10200
 
iter 10250
 
iter 10300
 
iter 10350
 
iter 10400
 
iter 10450
 
iter 10500
 
Computing Accuracy...
39578.0 50000 385.9410984116839 500
Computing Accuracy...
7533.0 10000 93.20328078663442 100
(:iter,10500,:trn,(0.79156f0,0.7718821968233679),:val,(0.7533f0,0.9320328078663442))
iter 10550
 
iter 10600
 
iter 10650
 
iter 10700
 
iter 10750
 
iter 10800
 
iter 10850
 
iter 10900
 
iter 10950
 
iter 11000
 
Computing Accuracy...
41697.0 50000 319.6487684616586 500
Computing Accuracy...
7923.0 10000 82.66756268579047 100
(:iter,11000,:trn,(0.83394f0,0.6392975369233173),:val,(0.7923f0,0.8266756268579047))
iter 11050
 
iter 11100
 
iter 11150
 
iter 11200
 
iter 11250
 
iter 11300
 
iter 11350
 
iter 11400
 
iter 11450
 
iter 11500
 
Computing Accuracy...
39808.0 50000 380.2034794780193 500
Computing Accuracy...
7553.0 10000 92.6476194638526 100
(:iter,11500,:trn,(0.79616f0,0.7604069589560386),:val,(0.7553f0,0.926476194638526))
iter 11550
 
iter 11600
 
iter 11650
 
iter 11700
 
iter 11750
 
iter 11800
 
iter 11850
 
iter 11900
 
iter 11950
 
iter 12000
 
Computing Accuracy...
42466.0 50000 296.2736737788655 500
Computing Accuracy...
7999.0 10000 78.2285578888841 100
(:iter,12000,:trn,(0.84932f0,0.592547347557731),:val,(0.7999f0,0.782285578888841))
iter 12050
 
iter 12100
 
iter 12150
 
iter 12200
 
iter 12250
 
iter 12300
 
iter 12350
 
iter 12400
 
iter 12450
 
iter 12500
 
Computing Accuracy...
43149.0 50000 275.1315639768727 500
Computing Accuracy...
8114.0 10000 71.46100944885984 100
(:iter,12500,:trn,(0.86298f0,0.5502631279537454),:val,(0.8114f0,0.7146100944885984))
iter 12550
 
iter 12600
 
iter 12650
 
iter 12700
 
iter 12750
 
iter 12800
 
iter 12850
 
iter 12900
 
iter 12950
 
iter 13000
 
Computing Accuracy...
39011.0 50000 434.37138706992846 500
Computing Accuracy...
7306.0 10000 107.71656082978006 100
(:iter,13000,:trn,(0.78022f0,0.8687427741398569),:val,(0.7306f0,1.0771656082978007))
iter 13050
 
iter 13100
 
iter 13150
 
iter 13200
 
iter 13250
 
iter 13300
 
iter 13350
 
iter 13400
 
iter 13450
 
iter 13500
 
Computing Accuracy...
41640.0 50000 333.51578287081793 500
Computing Accuracy...
7842.0 10000 86.36261443654075 100
(:iter,13500,:trn,(0.8328f0,0.6670315657416359),:val,(0.7842f0,0.8636261443654075))
iter 13550
 
iter 13600
 
iter 13650
 
iter 13700
 
iter 13750
 
iter 13800
 
iter 13850
 
iter 13900
 
iter 13950
 
iter 14000
 
Computing Accuracy...
42593.0 50000 294.701135317795 500
Computing Accuracy...
8026.0 10000 77.10886628832668 100
(:iter,14000,:trn,(0.85186f0,0.5894022706355899),:val,(0.8026f0,0.7710886628832668))
iter 14050
 
iter 14100
 
iter 14150
 
iter 14200
 
iter 14250
 
iter 14300
 
iter 14350
 
iter 14400
 
iter 14450
 
iter 14500
 
Computing Accuracy...
43241.0 50000 274.635326900403 500
Computing Accuracy...
8092.0 10000 74.35676003561821 100
(:iter,14500,:trn,(0.86482f0,0.5492706538008061),:val,(0.8092f0,0.7435676003561821))
iter 14550
 
iter 14600
 
iter 14650
 
iter 14700
 
iter 14750
 
iter 14800
 
iter 14850
 
iter 14900
 
iter 14950
 
iter 15000
 
Computing Accuracy...
43193.0 50000 277.95561166037805 500
Computing Accuracy...
8102.0 10000 75.1064252613578 100
(:iter,15000,:trn,(0.86386f0,0.5559112233207562),:val,(0.8102f0,0.751064252613578))
iter 15050
 
iter 15100
 
iter 15150
 
iter 15200
 
iter 15250
 
iter 15300
 
iter 15350
 
iter 15400
 
iter 15450
 
iter 15500
 
Computing Accuracy...
43528.0 50000 263.32138129370287 500
Computing Accuracy...
8173.0 10000 71.64175104955211 100
(:iter,15500,:trn,(0.87056f0,0.5266427625874057),:val,(0.8173f0,0.7164175104955212))
iter 15550
 
iter 15600
 
iter 15650
 
iter 15700
 
iter 15750
 
iter 15800
 
iter 15850
 
iter 15900
 
iter 15950
 
iter 16000
 
Computing Accuracy...
43070.0 50000 282.5920090479776 500
Computing Accuracy...
8093.0 10000 75.34311731066555 100
(:iter,16000,:trn,(0.8614f0,0.5651840180959552),:val,(0.8093f0,0.7534311731066555))
iter 16050
 
iter 16100
 
iter 16150
 
iter 16200
 
iter 16250
 
iter 16300
 
iter 16350
 
iter 16400
 
iter 16450
 
iter 16500
 
Computing Accuracy...
43559.0 50000 266.42374100349844 500
Computing Accuracy...
8120.0 10000 72.21747734956443 100
(:iter,16500,:trn,(0.87118f0,0.5328474820069968),:val,(0.812f0,0.7221747734956443))
iter 16550
 
iter 16600
 
iter 16650
 
iter 16700
 
iter 16750
 
iter 16800
 
iter 16850
 
iter 16900
 
iter 16950
 
iter 17000
 
Computing Accuracy...
43133.0 50000 275.68564515770413 500
Computing Accuracy...
8153.0 10000 71.93650013697334 100
(:iter,17000,:trn,(0.86266f0,0.5513712903154082),:val,(0.8153f0,0.7193650013697334))
iter 17050
 
iter 17100
 
iter 17150
 
iter 17200
 
iter 17250
 
iter 17300
 
iter 17350
 
iter 17400
 
iter 17450
 
iter 17500
 
Computing Accuracy...
42486.0 50000 297.0993994290475 500
Computing Accuracy...
8007.0 10000 79.59841731120832 100
(:iter,17500,:trn,(0.84972f0,0.594198798858095),:val,(0.8007f0,0.7959841731120832))
iter 17550
 
iter 17600
 
iter 17650
 
iter 17700
 
iter 17750
 
iter 17800
 
iter 17850
 
iter 17900
 
iter 17950
 
iter 18000
 
Computing Accuracy...
44170.0 50000 250.3718050806783 500
Computing Accuracy...
8285.0 10000 70.25822410313413 100
(:iter,18000,:trn,(0.8834f0,0.5007436101613566),:val,(0.8285f0,0.7025822410313413))
iter 18050
 
iter 18100
 
iter 18150
 
iter 18200
 
iter 18250
 
iter 18300
 
iter 18350
 
iter 18400
 
iter 18450
 
iter 18500
 
Computing Accuracy...
43002.0 50000 288.17994282895233 500
Computing Accuracy...
8057.0 10000 78.1063841189025 100
(:iter,18500,:trn,(0.86004f0,0.5763598856579046),:val,(0.8057f0,0.7810638411890249))
iter 18550
 
iter 18600
 
iter 18650
 
iter 18700
 
iter 18750
 
iter 18800
 
iter 18850
 
iter 18900
 
iter 18950
 
iter 19000
 
Computing Accuracy...
43523.0 50000 270.8765643197112 500
Computing Accuracy...
8153.0 10000 73.35400251066312 100
(:iter,19000,:trn,(0.87046f0,0.5417531286394224),:val,(0.8153f0,0.7335400251066312))
iter 19050
 
iter 19100
 
iter 19150
 
iter 19200
 
iter 19250
 
iter 19300
 
iter 19350
 
iter 19400
 
iter 19450
 
iter 19500
 
Computing Accuracy...
44608.0 50000 237.88856185786426 500
Computing Accuracy...
8315.0 10000 68.64818797074258 100
(:iter,19500,:trn,(0.89216f0,0.4757771237157285),:val,(0.8315f0,0.6864818797074258))
iter 19550
 
iter 19600
 
iter 19650
 
iter 19700
 
iter 19750
 
iter 19800
 
iter 19850
 
iter 19900
 
iter 19950
 
iter 20000
 
Computing Accuracy...
43765.0 50000 263.3478278941475 500
Computing Accuracy...
8263.0 10000 71.66993582202122 100
(:iter,20000,:trn,(0.8753f0,0.526695655788295),:val,(0.8263f0,0.7166993582202121))
iter 20050
 
iter 20100
 
iter 20150
 
iter 20200
 
iter 20250
 
iter 20300
 
iter 20350
 
iter 20400
 
iter 20450
 
iter 20500
 
Computing Accuracy...
44326.0 50000 247.9478445716668 500
Computing Accuracy...
8293.0 10000 68.90324412868358 100
(:iter,20500,:trn,(0.88652f0,0.4958956891433336),:val,(0.8293f0,0.6890324412868358))
iter 20550
 
iter 20600
 
iter 20650
 
iter 20700
 
iter 20750
 
iter 20800
 
iter 20850
 
iter 20900
 
iter 20950
 
iter 21000
 
Computing Accuracy...
44423.0 50000 243.77338932652492 500
Computing Accuracy...
8346.0 10000 70.19488220999483 100
(:iter,21000,:trn,(0.88846f0,0.48754677865304985),:val,(0.8346f0,0.7019488220999484))
iter 21050
 
iter 21100
 
iter 21150
 
iter 21200
 
iter 21250
 
iter 21300
 
iter 21350
 
iter 21400
 
iter 21450
 
iter 21500
 
Computing Accuracy...
44567.0 50000 238.27996787789743 500
Computing Accuracy...
8342.0 10000 67.46355439198669 100
(:iter,21500,:trn,(0.89134f0,0.47655993575579486),:val,(0.8342f0,0.6746355439198669))
iter 21550
 
iter 21600
 
iter 21650
 
iter 21700
 
iter 21750
 
iter 21800
 
iter 21850
 
iter 21900
 
iter 21950
 
iter 22000
 
Computing Accuracy...
42721.0 50000 298.4766173574608 500
Computing Accuracy...
8056.0 10000 79.91164251393639 100
(:iter,22000,:trn,(0.85442f0,0.5969532347149216),:val,(0.8056f0,0.7991164251393639))
iter 22050
 
iter 22100
 
iter 22150
 
iter 22200
 
iter 22250
 
iter 22300
 
iter 22350
 
iter 22400
 
iter 22450
 
iter 22500
 
Computing Accuracy...
44628.0 50000 236.9021795425797 500
Computing Accuracy...
8361.0 10000 68.37728679098655 100
(:iter,22500,:trn,(0.89256f0,0.4738043590851594),:val,(0.8361f0,0.6837728679098655))
iter 22550
 
iter 22600
 
iter 22650
 
iter 22700
 
iter 22750
 
iter 22800
 
iter 22850
 
iter 22900
 
iter 22950
 
iter 23000
 
Computing Accuracy...
44169.0 50000 254.38337018305901 500
Computing Accuracy...
8282.0 10000 71.80140046321321 100
(:iter,23000,:trn,(0.88338f0,0.508766740366118),:val,(0.8282f0,0.7180140046321322))
iter 23050
 
iter 23100
 
iter 23150
 
iter 23200
 
iter 23250
 
iter 23300
 
iter 23350
 
iter 23400
 
iter 23450
 
iter 23500
 
Computing Accuracy...
44090.0 50000 262.7078715028474 500
Computing Accuracy...
8215.0 10000 74.60710483614821 100
(:iter,23500,:trn,(0.8818f0,0.5254157430056948),:val,(0.8215f0,0.7460710483614821))
iter 23550
 
iter 23600
 
iter 23650
 
iter 23700
 
iter 23750
 
iter 23800
 
iter 23850
 
iter 23900
 
iter 23950
 
iter 24000
 
Computing Accuracy...
44147.0 50000 258.79884027468506 500
Computing Accuracy...
8260.0 10000 73.63912506506313 100
(:iter,24000,:trn,(0.88294f0,0.5175976805493702),:val,(0.826f0,0.7363912506506313))
iter 24050
 
iter 24100
 
iter 24150
 
iter 24200
 
iter 24250
 
iter 24300
 
iter 24350
 
iter 24400
 
iter 24450
 
iter 24500
 
Computing Accuracy...
44900.0 50000 233.6289118177956 500
Computing Accuracy...
8356.0 10000 68.6517364521278 100
(:iter,24500,:trn,(0.898f0,0.4672578236355912),:val,(0.8356f0,0.6865173645212781))
iter 24550
 
iter 24600
 
iter 24650
 
iter 24700
 
iter 24750
 
iter 24800
 
iter 24850
 
iter 24900
 
iter 24950
 
iter 25000
 
Computing Accuracy...
41202.0 50000 382.8860726071289 500
Computing Accuracy...
7707.0 10000 101.43887307669502 100
(:iter,25000,:trn,(0.82404f0,0.7657721452142577),:val,(0.7707f0,1.0143887307669501))
iter 25050
 
iter 25100
 
iter 25150
 
iter 25200
 
iter 25250
 
iter 25300
 
iter 25350
 
iter 25400
 
iter 25450
 
iter 25500
 
Computing Accuracy...
44836.0 50000 239.776368652354 500
Computing Accuracy...
8293.0 10000 73.20669504196849 100
(:iter,25500,:trn,(0.89672f0,0.479552737304708),:val,(0.8293f0,0.7320669504196848))
iter 25550
 
iter 25600
 
iter 25650
 
iter 25700
 
iter 25750
 
iter 25800
 
iter 25850
 
iter 25900
 
iter 25950
 
iter 26000
 
Computing Accuracy...
45603.0 50000 212.36244496144354 500
Computing Accuracy...
8513.0 10000 63.35751702822745 100
(:iter,26000,:trn,(0.91206f0,0.4247248899228871),:val,(0.8513f0,0.6335751702822745))
iter 26050
 
iter 26100
 
iter 26150
 
iter 26200
 
iter 26250
 
iter 26300
 
iter 26350
 
iter 26400
 
iter 26450
 
iter 26500
 
Computing Accuracy...
42716.0 50000 319.40500810043886 500
Computing Accuracy...
8056.0 10000 87.53858201066032 100
(:iter,26500,:trn,(0.85432f0,0.6388100162008777),:val,(0.8056f0,0.8753858201066032))
iter 26550
 
iter 26600
 
iter 26650
 
iter 26700
 
iter 26750
 
iter 26800
 
iter 26850
 
iter 26900
 
iter 26950
 
iter 27000
 
Computing Accuracy...
45122.0 50000 228.65563370392192 500
Computing Accuracy...
8414.0 10000 67.18312141171191 100
(:iter,27000,:trn,(0.90244f0,0.45731126740784384),:val,(0.8414f0,0.6718312141171191))
iter 27050
 
iter 27100
 
iter 27150
 
iter 27200
 
iter 27250
 
iter 27300
 
iter 27350
 
iter 27400
 
iter 27450
 
iter 27500
 
Computing Accuracy...
43342.0 50000 287.98409978172276 500
Computing Accuracy...
8089.0 10000 82.24783475522418 100
(:iter,27500,:trn,(0.86684f0,0.5759681995634455),:val,(0.8089f0,0.8224783475522418))
iter 27550
 
iter 27600
 
iter 27650
 
iter 27700
 
iter 27750
 
iter 27800
 
iter 27850
 
iter 27900
 
iter 27950
 
iter 28000
 
Computing Accuracy...
44989.0 50000 233.6873023408698 500
Computing Accuracy...
8364.0 10000 69.84732666111086 100
(:iter,28000,:trn,(0.89978f0,0.4673746046817396),:val,(0.8364f0,0.6984732666111085))
iter 28050
 
iter 28100
 
iter 28150
 
iter 28200
 
iter 28250
 
iter 28300
 
iter 28350
 
iter 28400
 
iter 28450
 
iter 28500
 
Computing Accuracy...
45378.0 50000 221.83637797820847 500
Computing Accuracy...
8407.0 10000 66.27414716628846 100
(:iter,28500,:trn,(0.90756f0,0.443672755956417),:val,(0.8407f0,0.6627414716628846))
iter 28550
 
iter 28600
 
iter 28650
 
iter 28700
 
iter 28750
 
iter 28800
 
iter 28850
 
iter 28900
 
iter 28950
 
iter 29000
 
Computing Accuracy...
44876.0 50000 241.0138779488625 500
Computing Accuracy...
8362.0 10000 72.56756579841021 100
(:iter,29000,:trn,(0.89752f0,0.482027755897725),:val,(0.8362f0,0.7256756579841022))
iter 29050
 
iter 29100
 
iter 29150
 
iter 29200
 
iter 29250
 
iter 29300
 
iter 29350
 
iter 29400
 
iter 29450
 
iter 29500
 
Computing Accuracy...
43394.0 50000 287.419909202843 500
Computing Accuracy...
8129.0 10000 79.84581825311761 100
(:iter,29500,:trn,(0.86788f0,0.574839818405686),:val,(0.8129f0,0.7984581825311762))
iter 29550
 
iter 29600
 
iter 29650
 
iter 29700
 
iter 29750
 
iter 29800
 
iter 29850
 
iter 29900
 
iter 29950
 
iter 30000
 
Computing Accuracy...
45629.0 50000 215.23455458693206 500
Computing Accuracy...
8500.0 10000 64.5298905801028 100
(:iter,30000,:trn,(0.91258f0,0.4304691091738641),:val,(0.85f0,0.645298905801028))
iter 30050
 
iter 30100
 
iter 30150
 
iter 30200
 
iter 30250
 
iter 30300
 
iter 30350
 
iter 30400
 
iter 30450
 
iter 30500
 
Computing Accuracy...
45556.0 50000 215.85507942771073 500
Computing Accuracy...
8460.0 10000 67.03906190849375 100
(:iter,30500,:trn,(0.91112f0,0.43171015885542147),:val,(0.846f0,0.6703906190849375))
iter 30550
 
iter 30600
 
iter 30650
 
iter 30700
 
iter 30750
 
iter 30800
 
iter 30850
 
iter 30900
 
iter 30950
 
iter 31000
 
Computing Accuracy...
42556.0 50000 308.93520953611005 500
Computing Accuracy...
7949.0 10000 85.38788887730334 100
(:iter,31000,:trn,(0.85112f0,0.6178704190722201),:val,(0.7949f0,0.8538788887730334))
iter 31050
 
iter 31100
 
iter 31150
 
iter 31200
 
iter 31250
 
iter 31300
 
iter 31350
 
iter 31400
 
iter 31450
 
iter 31500
 
Computing Accuracy...
44315.0 50000 254.51721448800527 500
Computing Accuracy...
8284.0 10000 73.76269417325966 100
(:iter,31500,:trn,(0.8863f0,0.5090344289760105),:val,(0.8284f0,0.7376269417325966))
iter 31550
 
iter 31600
 
iter 31650
 
iter 31700
 
iter 31750
 
iter 31800
 
iter 31850
 
iter 31900
 
iter 31950
 
iter 32000
 
Computing Accuracy...
42775.0 50000 306.82439556194004 500
Computing Accuracy...
7976.0 10000 85.2561411698116 100
(:iter,32000,:trn,(0.8555f0,0.61364879112388),:val,(0.7976f0,0.852561411698116))
iter 32050
 
iter 32100
 
iter 32150
 
iter 32200
 
iter 32250
 
iter 32300
 
iter 32350
 
iter 32400
 
iter 32450
 
iter 32500
 
Computing Accuracy...
48457.0 50000 134.29870619508438 500
Computing Accuracy...
8945.0 10000 50.97073287307285 100
(:iter,32500,:trn,(0.96914f0,0.26859741239016877),:val,(0.8945f0,0.5097073287307284))
iter 32550
 
iter 32600
 
iter 32650
 
iter 32700
 
iter 32750
 
iter 32800
 
iter 32850
 
iter 32900
 
iter 32950
 
iter 33000
 
Computing Accuracy...
48824.0 50000 121.92355003766716 500
Computing Accuracy...
8959.0 10000 51.06458706688136 100
(:iter,33000,:trn,(0.97648f0,0.2438471000753343),:val,(0.8959f0,0.5106458706688136))
iter 33050
 
iter 33100
 
iter 33150
 
iter 33200
 
iter 33250
 
iter 33300
 
iter 33350
 
iter 33400
 
iter 33450
 
iter 33500
 
Computing Accuracy...
49092.0 50000 113.19520446658134 500
Computing Accuracy...
8975.0 10000 50.834036285057664 100
(:iter,33500,:trn,(0.98184f0,0.2263904089331627),:val,(0.8975f0,0.5083403628505766))
iter 33550
 
iter 33600
 
iter 33650
 
iter 33700
 
iter 33750
 
iter 33800
 
iter 33850
 
iter 33900
 
iter 33950
 
iter 34000
 
Computing Accuracy...
49251.0 50000 106.76052474905737 500
Computing Accuracy...
8982.0 10000 51.4631603078451 100
(:iter,34000,:trn,(0.98502f0,0.21352104949811473),:val,(0.8982f0,0.514631603078451))
iter 34050
 
iter 34100
 
iter 34150
 
iter 34200
 
iter 34250
 
iter 34300
 
iter 34350
 
iter 34400
 
iter 34450
 
iter 34500
 
Computing Accuracy...
49391.0 50000 101.53291400289163 500
Computing Accuracy...
9001.0 10000 51.627695963718 100
(:iter,34500,:trn,(0.98782f0,0.20306582800578327),:val,(0.9001f0,0.51627695963718))
iter 34550
 
iter 34600
 
iter 34650
 
iter 34700
 
iter 34750
 
iter 34800
 
iter 34850
 
iter 34900
 
iter 34950
 
iter 35000
 
Computing Accuracy...
49490.0 50000 96.83452393987682 500
Computing Accuracy...
9051.0 10000 51.44231674808543 100
(:iter,35000,:trn,(0.9898f0,0.19366904787975364),:val,(0.9051f0,0.5144231674808544))
iter 35050
 
iter 35100
 
iter 35150
 
iter 35200
 
iter 35250
 
iter 35300
 
iter 35350
 
iter 35400
 
iter 35450
 
iter 35500
 
Computing Accuracy...
49585.0 50000 92.70012470614165 500
Computing Accuracy...
9035.0 10000 51.90534020366613 100
(:iter,35500,:trn,(0.9917f0,0.1854002494122833),:val,(0.9035f0,0.5190534020366613))
iter 35550
 
iter 35600
 
iter 35650
 
iter 35700
 
iter 35750
 
iter 35800
 
iter 35850
 
iter 35900
 
iter 35950
 
iter 36000
 
Computing Accuracy...
49604.0 50000 90.50437157566193 500
Computing Accuracy...
9041.0 10000 52.8949828351615 100
(:iter,36000,:trn,(0.99208f0,0.18100874315132387),:val,(0.9041f0,0.528949828351615))
iter 36050
 
iter 36100
 
iter 36150
 
iter 36200
 
iter 36250
 
iter 36300
 
iter 36350
 
iter 36400
 
iter 36450
 
iter 36500
 
Computing Accuracy...
49691.0 50000 86.63877920806408 500
Computing Accuracy...
9010.0 10000 53.469631007290445 100
(:iter,36500,:trn,(0.99382f0,0.17327755841612816),:val,(0.901f0,0.5346963100729044))
iter 36550
 
iter 36600
 
iter 36650
 
iter 36700
 
iter 36750
 
iter 36800
 
iter 36850
 
iter 36900
 
iter 36950
 
iter 37000
 
Computing Accuracy...
49718.0 50000 84.46176956128329 500
Computing Accuracy...
9016.0 10000 54.32559289224446 100
(:iter,37000,:trn,(0.99436f0,0.16892353912256658),:val,(0.9016f0,0.5432559289224446))
iter 37050
 
iter 37100
 
iter 37150
 
iter 37200
 
iter 37250
 
iter 37300
 
iter 37350
 
iter 37400
 
iter 37450
 
iter 37500
 
Computing Accuracy...
49797.0 50000 80.67034958221484 500
Computing Accuracy...
9031.0 10000 53.693984094192274 100
(:iter,37500,:trn,(0.99594f0,0.16134069916442967),:val,(0.9031f0,0.5369398409419227))
iter 37550
 
iter 37600
 
iter 37650
 
iter 37700
 
iter 37750
 
iter 37800
 
iter 37850
 
iter 37900
 
iter 37950
 
iter 38000
 
Computing Accuracy...
49807.0 50000 79.1670254872879 500
Computing Accuracy...
9036.0 10000 54.45370862411801 100
(:iter,38000,:trn,(0.99614f0,0.1583340509745758),:val,(0.9036f0,0.54453708624118))
iter 38050
 
iter 38100
 
iter 38150
 
iter 38200
 
iter 38250
 
iter 38300
 
iter 38350
 
iter 38400
 
iter 38450
 
iter 38500
 
Computing Accuracy...
49801.0 50000 77.27906781545607 500
Computing Accuracy...
9019.0 10000 54.52011977013899 100
(:iter,38500,:trn,(0.99602f0,0.15455813563091214),:val,(0.9019f0,0.5452011977013899))
iter 38550
 
iter 38600
 
iter 38650
 
iter 38700
 
iter 38750
 
iter 38800
 
iter 38850
 
iter 38900
 
iter 38950
 
iter 39000
 
Computing Accuracy...
49827.0 50000 75.47929852071684 500
Computing Accuracy...
9035.0 10000 55.35423983383225 100
(:iter,39000,:trn,(0.99654f0,0.1509585970414337),:val,(0.9035f0,0.5535423983383225))
iter 39050
 
iter 39100
 
iter 39150
 
iter 39200
 
iter 39250
 
iter 39300
 
iter 39350
 
iter 39400
 
iter 39450
 
iter 39500
 
Computing Accuracy...
49848.0 50000 73.62273557297885 500
Computing Accuracy...
9035.0 10000 55.39813390694326 100
(:iter,39500,:trn,(0.99696f0,0.1472454711459577),:val,(0.9035f0,0.5539813390694326))
iter 39550
 
iter 39600
 
iter 39650
 
iter 39700
 
iter 39750
 
iter 39800
 
iter 39850
 
iter 39900
 
iter 39950
 
iter 40000
 
Computing Accuracy...
49894.0 50000 71.15826279911562 500
Computing Accuracy...
9042.0 10000 56.06286838615779 100
(:iter,40000,:trn,(0.99788f0,0.14231652559823124),:val,(0.9042f0,0.5606286838615779))
iter 40050
 
iter 40100
 
iter 40150
 
iter 40200
 
iter 40250
 
iter 40300
 
iter 40350
 
iter 40400
 
iter 40450
 
iter 40500
 
Computing Accuracy...
49880.0 50000 69.92402080187458 500
Computing Accuracy...
9025.0 10000 56.62206601543585 100
(:iter,40500,:trn,(0.9976f0,0.13984804160374914),:val,(0.9025f0,0.5662206601543585))
iter 40550
 
iter 40600
 
iter 40650
 
iter 40700
 
iter 40750
 
iter 40800
 
iter 40850
 
iter 40900
 
iter 40950
 
iter 41000
 
Computing Accuracy...
49898.0 50000 68.21962895785691 500
Computing Accuracy...
9050.0 10000 55.17436301975977 100
(:iter,41000,:trn,(0.99796f0,0.13643925791571382),:val,(0.905f0,0.5517436301975976))
iter 41050
 
iter 41100
 
iter 41150
 
iter 41200
 
iter 41250
 
iter 41300
 
iter 41350
 
iter 41400
 
iter 41450
 
iter 41500
 
Computing Accuracy...
49901.0 50000 66.9645843184262 500
Computing Accuracy...
9051.0 10000 55.71270750934491 100
(:iter,41500,:trn,(0.99802f0,0.13392916863685242),:val,(0.9051f0,0.557127075093449))
iter 41550
 
iter 41600
 
iter 41650
 
iter 41700
 
iter 41750
 
iter 41800
 
iter 41850
 
iter 41900
 
iter 41950
 
iter 42000
 
Computing Accuracy...
49912.0 50000 65.59470754515496 500
Computing Accuracy...
9035.0 10000 55.802123610978015 100
(:iter,42000,:trn,(0.99824f0,0.13118941509030993),:val,(0.9035f0,0.5580212361097802))
iter 42050
 
iter 42100
 
iter 42150
 
iter 42200
 
iter 42250
 
iter 42300
 
iter 42350
 
iter 42400
 
iter 42450
 
iter 42500
 
Computing Accuracy...
49928.0 50000 64.04052004221012 500
Computing Accuracy...
9030.0 10000 56.566873471136205 100
(:iter,42500,:trn,(0.99856f0,0.12808104008442023),:val,(0.903f0,0.565668734711362))
iter 42550
 
iter 42600
 
iter 42650
 
iter 42700
 
iter 42750
 
iter 42800
 
iter 42850
 
iter 42900
 
iter 42950
 
iter 43000
 
Computing Accuracy...
49937.0 50000 62.518518305543694 500
Computing Accuracy...
9042.0 10000 55.94430918502621 100
(:iter,43000,:trn,(0.99874f0,0.1250370366110874),:val,(0.9042f0,0.5594430918502621))
iter 43050
 
iter 43100
 
iter 43150
 
iter 43200
 
iter 43250
 
iter 43300
 
iter 43350
 
iter 43400
 
iter 43450
 
iter 43500
 
Computing Accuracy...
49940.0 50000 61.368612173362635 500
Computing Accuracy...
9052.0 10000 55.10763685731217 100
(:iter,43500,:trn,(0.9988f0,0.12273722434672527),:val,(0.9052f0,0.5510763685731217))
iter 43550
 
iter 43600
 
iter 43650
 
iter 43700
 
iter 43750
 
iter 43800
 
iter 43850
 
iter 43900
 
iter 43950
 
iter 44000
 
Computing Accuracy...
49926.0 50000 60.48285595308698 500
Computing Accuracy...
9042.0 10000 55.779082267021295 100
(:iter,44000,:trn,(0.99852f0,0.12096571190617396),:val,(0.9042f0,0.557790822670213))
iter 44050
 
iter 44100
 
iter 44150
 
iter 44200
 
iter 44250
 
iter 44300
 
iter 44350
 
iter 44400
 
iter 44450
 
iter 44500
 
Computing Accuracy...
49933.0 50000 59.30719337859773 500
Computing Accuracy...
9030.0 10000 55.27422384073725 100
(:iter,44500,:trn,(0.99866f0,0.11861438675719546),:val,(0.903f0,0.5527422384073725))
iter 44550
 
iter 44600
 
iter 44650
 
iter 44700
 
iter 44750
 
iter 44800
 
iter 44850
 
iter 44900
 
iter 44950
 
iter 45000
 
Computing Accuracy...
49935.0 50000 58.24531974726415 500
Computing Accuracy...
9052.0 10000 56.800555063353386 100
(:iter,45000,:trn,(0.9987f0,0.1164906394945283),:val,(0.9052f0,0.5680055506335339))
iter 45050
 
iter 45100
 
iter 45150
 
iter 45200
 
iter 45250
 
iter 45300
 
iter 45350
 
iter 45400
 
iter 45450
 
iter 45500
 
Computing Accuracy...
49892.0 50000 58.24682272764039 500
Computing Accuracy...
9037.0 10000 56.94949183688732 100
(:iter,45500,:trn,(0.99784f0,0.11649364545528078),:val,(0.9037f0,0.5694949183688732))
iter 45550
 
iter 45600
 
iter 45650
 
iter 45700
 
iter 45750
 
iter 45800
 
iter 45850
 
iter 45900
 
iter 45950
 
iter 46000
 
Computing Accuracy...
49891.0 50000 57.07245760479418 500
Computing Accuracy...
9060.0 10000 57.02946777199395 100
(:iter,46000,:trn,(0.99782f0,0.11414491520958836),:val,(0.906f0,0.5702946777199395))
iter 46050
 
iter 46100
 
iter 46150
 
iter 46200
 
iter 46250
 
iter 46300
 
iter 46350
 
iter 46400
 
iter 46450
 
iter 46500
 
Computing Accuracy...
49901.0 50000 56.01611925321049 500
Computing Accuracy...
9039.0 10000 55.885221213276964 100
(:iter,46500,:trn,(0.99802f0,0.11203223850642098),:val,(0.9039f0,0.5588522121327696))
iter 46550
 
iter 46600
 
iter 46650
 
iter 46700
 
iter 46750
 
iter 46800
 
iter 46850
 
iter 46900
 
iter 46950
 
iter 47000
 
Computing Accuracy...
49945.0 50000 54.02769716398325 500
Computing Accuracy...
9049.0 10000 56.46537713042926 100
(:iter,47000,:trn,(0.9989f0,0.1080553943279665),:val,(0.9049f0,0.5646537713042926))
iter 47050
 
iter 47100
 
iter 47150
 
iter 47200
 
iter 47250
 
iter 47300
 
iter 47350
 
iter 47400
 
iter 47450
 
iter 47500
 
Computing Accuracy...
49928.0 50000 53.53402825068042 500
Computing Accuracy...
9043.0 10000 56.87292525108205 100
(:iter,47500,:trn,(0.99856f0,0.10706805650136084),:val,(0.9043f0,0.5687292525108205))
iter 47550
 
iter 47600
 
iter 47650
 
iter 47700
 
iter 47750
 
iter 47800
 
iter 47850
 
iter 47900
 
iter 47950
 
iter 48000
 
Computing Accuracy...
49945.0 50000 52.20475627569249 500
Computing Accuracy...
9022.0 10000 56.86627451033564 100
(:iter,48000,:trn,(0.9989f0,0.10440951255138498),:val,(0.9022f0,0.5686627451033565))
iter 48050
 
iter 48100
 
iter 48150
 
iter 48200
 
iter 48250
 
iter 48300
 
iter 48350
 
iter 48400
 
iter 48450
 
iter 48500
 
Computing Accuracy...
49974.0 50000 51.244715615335735 500
Computing Accuracy...
9050.0 10000 55.6272064447985 100
(:iter,48500,:trn,(0.99948f0,0.10248943123067147),:val,(0.905f0,0.556272064447985))
iter 48550
 
iter 48600
 
iter 48650
 
iter 48700
 
iter 48750
 
iter 48800
 
iter 48850
 
iter 48900
 
iter 48950
 
iter 49000
 
Computing Accuracy...
49977.0 50000 50.95657051869057 500
Computing Accuracy...
9047.0 10000 55.189895304327365 100
(:iter,49000,:trn,(0.99954f0,0.10191314103738114),:val,(0.9047f0,0.5518989530432736))
iter 49050
 
iter 49100
 
iter 49150
 
iter 49200
 
iter 49250
 
iter 49300
 
iter 49350
 
iter 49400
 
iter 49450
 
iter 49500
 
Computing Accuracy...
49979.0 50000 50.7448346247038 500
Computing Accuracy...
9062.0 10000 55.234249208064284 100
(:iter,49500,:trn,(0.99958f0,0.1014896692494076),:val,(0.9062f0,0.5523424920806428))
iter 49550
 
iter 49600
 
iter 49650
 
iter 49700
 
iter 49750
 
iter 49800
 
iter 49850
 
iter 49900
 
iter 49950
 
iter 50000
 
Computing Accuracy...
49981.0 50000 50.50629154047783 500
Computing Accuracy...
9078.0 10000 54.89749333570944 100
(:iter,50000,:trn,(0.99962f0,0.10101258308095566),:val,(0.9078f0,0.5489749333570945))
iter 50050
 
iter 50100
 
iter 50150
 
iter 50200
 
iter 50250
 
iter 50300
 
iter 50350
 
iter 50400
 
iter 50450
 
iter 50500
 
Computing Accuracy...
49987.0 50000 50.33464248281962 500
Computing Accuracy...
9064.0 10000 55.23655769252218 100
(:iter,50500,:trn,(0.99974f0,0.10066928496563923),:val,(0.9064f0,0.5523655769252218))
iter 50550
 
iter 50600
 
iter 50650
 
iter 50700
 
iter 50750
 
iter 50800
 
iter 50850
 
iter 50900
 
iter 50950
 
iter 51000
 
Computing Accuracy...
49988.0 50000 50.201453946283436 500
Computing Accuracy...
9062.0 10000 55.195111918088514 100
(:iter,51000,:trn,(0.99976f0,0.10040290789256687),:val,(0.9062f0,0.5519511191808851))
iter 51050
 
iter 51100
 
iter 51150
 
iter 51200
 
iter 51250
 
iter 51300
 
iter 51350
 
iter 51400
 
iter 51450
 
iter 51500
 
Computing Accuracy...
49992.0 50000 50.02960013547272 500
Computing Accuracy...
9083.0 10000 55.0728010298335 100
(:iter,51500,:trn,(0.99984f0,0.10005920027094543),:val,(0.9083f0,0.550728010298335))
iter 51550
 
iter 51600
 
iter 51650
 
iter 51700
 
iter 51750
 
iter 51800
 
iter 51850
 
iter 51900
 
iter 51950
 
iter 52000
 
Computing Accuracy...
49993.0 50000 49.92168672662956 500
Computing Accuracy...
9078.0 10000 55.159649583511055 100
(:iter,52000,:trn,(0.99986f0,0.09984337345325912),:val,(0.9078f0,0.5515964958351105))
iter 52050
 
iter 52100
 
iter 52150
 
iter 52200
 
iter 52250
 
iter 52300
 
iter 52350
 
iter 52400
 
iter 52450
 
iter 52500
 
Computing Accuracy...
49994.0 50000 49.78625423427002 500
Computing Accuracy...
9063.0 10000 55.19527033081977 100
(:iter,52500,:trn,(0.99988f0,0.09957250846854003),:val,(0.9063f0,0.5519527033081977))
iter 52550
 
iter 52600
 
iter 52650
 
iter 52700
 
iter 52750
 
iter 52800
 
iter 52850
 
iter 52900
 
iter 52950
 
iter 53000
 
Computing Accuracy...
49994.0 50000 49.60386827962793 500
Computing Accuracy...
9074.0 10000 55.02462353830924 100
(:iter,53000,:trn,(0.99988f0,0.09920773655925587),:val,(0.9074f0,0.5502462353830925))
iter 53050
 
iter 53100
 
iter 53150
 
iter 53200
 
iter 53250
 
iter 53300
 
iter 53350
 
iter 53400
 
iter 53450
 
iter 53500
 
Computing Accuracy...
49991.0 50000 49.52973928584106 500
Computing Accuracy...
9070.0 10000 55.67199033108773 100
(:iter,53500,:trn,(0.99982f0,0.09905947857168212),:val,(0.907f0,0.5567199033108773))
iter 53550
 
iter 53600
 
iter 53650
 
iter 53700
 
iter 53750
 
iter 53800
 
iter 53850
 
iter 53900
 
iter 53950
 
iter 54000
 
Computing Accuracy...
49997.0 50000 49.406017124973005 500
Computing Accuracy...
9077.0 10000 55.46020088507794 100
(:iter,54000,:trn,(0.99994f0,0.09881203424994602),:val,(0.9077f0,0.5546020088507794))
iter 54050
 
iter 54100
 
iter 54150
 
iter 54200
 
iter 54250
 
iter 54300
 
iter 54350
 
iter 54400
 
iter 54450
 
iter 54500
 
Computing Accuracy...
49995.0 50000 49.27602399530588 500
Computing Accuracy...
9079.0 10000 55.052505951956846 100
(:iter,54500,:trn,(0.9999f0,0.09855204799061175),:val,(0.9079f0,0.5505250595195684))
iter 54550
 
iter 54600
 
iter 54650
 
iter 54700
 
iter 54750
 
iter 54800
 
iter 54850
 
iter 54900
 
iter 54950
 
iter 55000
 
Computing Accuracy...
49998.0 50000 49.113067557009344 500
Computing Accuracy...
9071.0 10000 55.58750969875837 100
(:iter,55000,:trn,(0.99996f0,0.09822613511401869),:val,(0.9071f0,0.5558750969875836))
iter 55050
 
iter 55100
 
iter 55150
 
iter 55200
 
iter 55250
 
iter 55300
 
iter 55350
 
iter 55400
 
iter 55450
 
iter 55500
 
Computing Accuracy...
49999.0 50000 48.995297614936135 500
Computing Accuracy...
9075.0 10000 55.15827529318631 100
(:iter,55500,:trn,(0.99998f0,0.09799059522987227),:val,(0.9075f0,0.5515827529318631))
iter 55550
 
iter 55600
 
iter 55650
 
iter 55700
 
iter 55750
 
iter 55800
 
iter 55850
 
iter 55900
 
iter 55950
 
iter 56000
 
Computing Accuracy...
49997.0 50000 48.878158743733366 500
Computing Accuracy...
9080.0 10000 55.32580043381313 100
(:iter,56000,:trn,(0.99994f0,0.09775631748746673),:val,(0.908f0,0.5532580043381313))
iter 56050
 
iter 56100
 
iter 56150
 
iter 56200
 
iter 56250
 
iter 56300
 
iter 56350
 
iter 56400
 
iter 56450
 
iter 56500
 
Computing Accuracy...
49998.0 50000 48.79204168042634 500
Computing Accuracy...
9065.0 10000 55.19093161064666 100
(:iter,56500,:trn,(0.99996f0,0.09758408336085267),:val,(0.9065f0,0.5519093161064665))
iter 56550
 
iter 56600
 
iter 56650
 
iter 56700
 
iter 56750
 
iter 56800
 
iter 56850
 
iter 56900
 
iter 56950
 
iter 57000
 
Computing Accuracy...
49995.0 50000 48.702618851006264 500
Computing Accuracy...
9076.0 10000 55.51768776407698 100
(:iter,57000,:trn,(0.9999f0,0.09740523770201252),:val,(0.9076f0,0.5551768776407698))
iter 57050
 
iter 57100
 
iter 57150
 
iter 57200
 
iter 57250
 
iter 57300
 
iter 57350
 
iter 57400
 
iter 57450
 
iter 57500
 
Computing Accuracy...
49999.0 50000 48.56119484602095 500
Computing Accuracy...
9079.0 10000 55.60055094293784 100
(:iter,57500,:trn,(0.99998f0,0.09712238969204191),:val,(0.9079f0,0.5560055094293784))
iter 57550
 
iter 57600
 
iter 57650
 
iter 57700
 
iter 57750
 
iter 57800
 
iter 57850
 
iter 57900
 
iter 57950
 
iter 58000
 
Computing Accuracy...
49997.0 50000 48.47371108556399 500
Computing Accuracy...
9078.0 10000 55.41702619113494 100
(:iter,58000,:trn,(0.99994f0,0.09694742217112798),:val,(0.9078f0,0.5541702619113493))
iter 58050
 
iter 58100
 
iter 58150
 
iter 58200
 
iter 58250
 
iter 58300
 
iter 58350
 
iter 58400
 
iter 58450
 
iter 58500
 
Computing Accuracy...
49998.0 50000 48.352376100214315 500
Computing Accuracy...
9076.0 10000 55.50136696739355 100
(:iter,58500,:trn,(0.99996f0,0.09670475220042862),:val,(0.9076f0,0.5550136696739355))
iter 58550
 
iter 58600
 
iter 58650
 
iter 58700
 
iter 58750
 
iter 58800
 
iter 58850
 
iter 58900
 
iter 58950
 
iter 59000
 
Computing Accuracy...
49999.0 50000 48.26382675309287 500
Computing Accuracy...
9084.0 10000 55.33713002264267 100
(:iter,59000,:trn,(0.99998f0,0.09652765350618574),:val,(0.9084f0,0.5533713002264267))
iter 59050
 
iter 59100
 
iter 59150
 
iter 59200
 
iter 59250
 
iter 59300
 
iter 59350
 
iter 59400
 
iter 59450
 
iter 59500
 
Computing Accuracy...
49998.0 50000 48.14359993459948 500
Computing Accuracy...
9074.0 10000 55.19353893381776 100
(:iter,59500,:trn,(0.99996f0,0.09628719986919895),:val,(0.9074f0,0.5519353893381777))
iter 59550
 
iter 59600
 
iter 59650
 
iter 59700
 
iter 59750
 
iter 59800
 
iter 59850
 
iter 59900
 
iter 59950
 
iter 60000
 
Computing Accuracy...
49997.0 50000 48.05711945134681 500
Computing Accuracy...
9084.0 10000 55.91597469168482 100
(:iter,60000,:trn,(0.99994f0,0.09611423890269362),:val,(0.9084f0,0.5591597469168482))
iter 60050
 
iter 60100
 
iter 60150
 
iter 60200
 
iter 60250
 
iter 60300
 
iter 60350
 
iter 60400
 
iter 60450
 
iter 60500
 
Computing Accuracy...
49998.0 50000 47.919334284706565 500
Computing Accuracy...
9074.0 10000 55.651765904796775 100
(:iter,60500,:trn,(0.99996f0,0.09583866856941313),:val,(0.9074f0,0.5565176590479678))
iter 60550
 
iter 60600
 
iter 60650
 
iter 60700
 
iter 60750
 
iter 60800
 
iter 60850
 
iter 60900
 
iter 60950
 
iter 61000
 
Computing Accuracy...
49998.0 50000 47.84006399883947 500
Computing Accuracy...
9078.0 10000 55.59928897820646 100
(:iter,61000,:trn,(0.99996f0,0.09568012799767894),:val,(0.9078f0,0.5559928897820646))
iter 61050
 
iter 61100
 
iter 61150
 
iter 61200
 
iter 61250
 
iter 61300
 
iter 61350
 
iter 61400
 
iter 61450
 
iter 61500
 
Computing Accuracy...
49999.0 50000 47.72012769257708 500
Computing Accuracy...
9074.0 10000 55.722038169100415 100
(:iter,61500,:trn,(0.99998f0,0.09544025538515416),:val,(0.9074f0,0.5572203816910042))
iter 61550
 
iter 61600
 
iter 61650
 
iter 61700
 
iter 61750
 
iter 61800
 
iter 61850
 
iter 61900
 
iter 61950
 
iter 62000
 
Computing Accuracy...
49998.0 50000 47.62426058783967 500
Computing Accuracy...
9068.0 10000 55.83548073674319 100
(:iter,62000,:trn,(0.99996f0,0.09524852117567935),:val,(0.9068f0,0.5583548073674319))
iter 62050
 
iter 62100
 
iter 62150
 
iter 62200
 
iter 62250
 
iter 62300
 
iter 62350
 
iter 62400
 
iter 62450
 
iter 62500
 
Computing Accuracy...
50000.0 50000 47.51583640524768 500
Computing Accuracy...
9085.0 10000 55.657902046339586 100
(:iter,62500,:trn,(1.0f0,0.09503167281049536),:val,(0.9085f0,0.5565790204633959))
iter 62550
 
iter 62600
 
iter 62650
 
iter 62700
 
iter 62750
 
iter 62800
 
iter 62850
 
iter 62900
 
iter 62950
 
iter 63000
 
Computing Accuracy...
49999.0 50000 47.41456022876082 500
Computing Accuracy...
9078.0 10000 55.755615304922685 100
(:iter,63000,:trn,(0.99998f0,0.09482912045752163),:val,(0.9078f0,0.5575561530492269))
iter 63050
 
iter 63100
 
iter 63150
 
iter 63200
 
iter 63250
 
iter 63300
 
iter 63350
 
iter 63400
 
iter 63450
 
iter 63500
 
Computing Accuracy...
49999.0 50000 47.33054614487628 500
Computing Accuracy...
9090.0 10000 55.49294647783972 100
(:iter,63500,:trn,(0.99998f0,0.09466109228975256),:val,(0.909f0,0.5549294647783972))
iter 63550
 
iter 63600
 
iter 63650
 
iter 63700
 
iter 63750
 
iter 63800
 
iter 63850
 
iter 63900
 
iter 63950
 
iter 64000
 
Computing Accuracy...
49998.0 50000 47.21645567449741 500
Computing Accuracy...
9078.0 10000 55.71039677906083 100
(:iter,64000,:trn,(0.99996f0,0.09443291134899483),:val,(0.9078f0,0.5571039677906083))
iter 64050
 
iter 64100
 
iter 64150
 
iter 64200
 
iter 64250
 
iter 64300
 
iter 64350
 
iter 64400
 
iter 64450
 
iter 64500
 
Computing Accuracy...
49999.0 50000 47.21151302592625 500
Computing Accuracy...
9090.0 10000 55.49451282602968 100
(:iter,64500,:trn,(0.99998f0,0.0944230260518525),:val,(0.909f0,0.5549451282602967))
iter 64550
 
iter 64600
 
iter 64650
 
iter 64700
 
iter 64750
 
iter 64800
 
iter 64850
 
iter 64900
 
iter 64950
 
iter 65000
 
Computing Accuracy...
49997.0 50000 47.21296016808628 500
Computing Accuracy...
9077.0 10000 55.757668785750866 100
(:iter,65000,:trn,(0.99994f0,0.09442592033617257),:val,(0.9077f0,0.5575766878575087))
iter 65050
 
iter 65100
 
iter 65150
 
iter 65200
 
iter 65250
 
iter 65300
 
iter 65350
 
iter 65400
 
iter 65450
 
iter 65500
 
Computing Accuracy...
49999.0 50000 47.172193912934745 500
Computing Accuracy...
9082.0 10000 55.70658780040685 100
(:iter,65500,:trn,(0.99998f0,0.09434438782586949),:val,(0.9082f0,0.5570658780040685))
iter 65550
 
iter 65600
 
iter 65650
 
iter 65700
 
iter 65750
 
iter 65800
 
iter 65850
 
iter 65900
 
iter 65950
 
iter 66000
 
Computing Accuracy...
49999.0 50000 47.1846008629509 500
Computing Accuracy...
9088.0 10000 55.815521276323125 100
(:iter,66000,:trn,(0.99998f0,0.0943692017259018),:val,(0.9088f0,0.5581552127632312))
iter 66050
 
iter 66100
 
iter 66150
 
iter 66200
 
iter 66250
 
iter 66300
 
iter 66350
 
iter 66400
 
iter 66450
 
iter 66500
 
Computing Accuracy...
49998.0 50000 47.16723551432369 500
Computing Accuracy...
9085.0 10000 55.34475875744829 100
(:iter,66500,:trn,(0.99996f0,0.09433447102864738),:val,(0.9085f0,0.5534475875744829))
iter 66550
 
iter 66600
 
iter 66650
 
iter 66700
 
iter 66750
 
iter 66800
 
iter 66850
 
iter 66900
 
iter 66950
 
iter 67000
 
Computing Accuracy...
49998.0 50000 47.16798463318992 500
Computing Accuracy...
9081.0 10000 55.600765256618615 100
(:iter,67000,:trn,(0.99996f0,0.09433596926637984),:val,(0.9081f0,0.5560076525661861))
iter 67050
 
iter 67100
 
iter 67150
 
iter 67200
 
iter 67250
 
iter 67300
 
iter 67350
 
iter 67400
 
iter 67450
 
iter 67500
 
Computing Accuracy...
50000.0 50000 47.134754477403476 500
Computing Accuracy...
9084.0 10000 55.717929024016485 100
(:iter,67500,:trn,(1.0f0,0.09426950895480696),:val,(0.9084f0,0.5571792902401649))
iter 67550
 
iter 67600
 
iter 67650
 
iter 67700
 
iter 67750
 
iter 67800
 
iter 67850
 
iter 67900
 
iter 67950
 
iter 68000
 
Computing Accuracy...
49999.0 50000 47.13854335648648 500
Computing Accuracy...
9074.0 10000 55.606997898663394 100
(:iter,68000,:trn,(0.99998f0,0.09427708671297295),:val,(0.9074f0,0.5560699789866339))
iter 68050
 
iter 68100
 
iter 68150
 
iter 68200
 
iter 68250
 
iter 68300
 
iter 68350
 
iter 68400
 
iter 68450
 
iter 68500
 
Computing Accuracy...
49999.0 50000 47.13102467727731 500
Computing Accuracy...
9080.0 10000 55.586155639612116 100
(:iter,68500,:trn,(0.99998f0,0.09426204935455462),:val,(0.908f0,0.5558615563961211))
iter 68550
 
iter 68600
 
iter 68650
 
iter 68700
 
iter 68750
 
iter 68800
 
iter 68850
 
iter 68900
 
iter 68950
 
iter 69000
 
Computing Accuracy...
49998.0 50000 47.13418966680911 500
Computing Accuracy...
9091.0 10000 55.405756380059756 100
(:iter,69000,:trn,(0.99996f0,0.09426837933361822),:val,(0.9091f0,0.5540575638005976))
iter 69050
 
iter 69100
 
iter 69150
 
iter 69200
 
iter 69250
 
iter 69300
 
iter 69350
 
iter 69400
 
iter 69450
 
iter 69500
 
Computing Accuracy...
50000.0 50000 47.10074261825139 500
Computing Accuracy...
9090.0 10000 55.53474045440089 100
(:iter,69500,:trn,(1.0f0,0.09420148523650278),:val,(0.909f0,0.5553474045440089))
iter 69550
 
iter 69600
 
iter 69650
 
iter 69700
 
iter 69750
 
iter 69800
 
iter 69850
 
iter 69900
 
iter 69950
 
iter 70000
 
Computing Accuracy...
50000.0 50000 47.11514031672414 500
Computing Accuracy...
9077.0 10000 55.814129690639675 100
(:iter,70000,:trn,(1.0f0,0.09423028063344828),:val,(0.9077f0,0.5581412969063968))
iter 70050
 
iter 70100
 
iter 70150
 
iter 70200
 
iter 70250
 
iter 70300
 
iter 70350
 
iter 70400
 
iter 70450
 
iter 70500
 
Computing Accuracy...
49999.0 50000 47.103795153219835 500
Computing Accuracy...
9073.0 10000 55.76099935284583 100
(:iter,70500,:trn,(0.99998f0,0.09420759030643967),:val,(0.9073f0,0.5576099935284583))
iter 70550
 
iter 70600
 
iter 70650
 
iter 70700
 
iter 70750
 
iter 70800
 
iter 70850
 
iter 70900
 
iter 70950
 
iter 71000
 
Computing Accuracy...
49999.0 50000 47.07458274295641 500
Computing Accuracy...
9088.0 10000 55.59415972442366 100
(:iter,71000,:trn,(0.99998f0,0.09414916548591282),:val,(0.9088f0,0.5559415972442366))
iter 71050
 
iter 71100
 
iter 71150
 
iter 71200
 
iter 71250
 
iter 71300
 
iter 71350
 
iter 71400
 
iter 71450
 
iter 71500
 
Computing Accuracy...
49999.0 50000 47.07378304293525 500
Computing Accuracy...
9083.0 10000 55.71289379405789 100
(:iter,71500,:trn,(0.99998f0,0.0941475660858705),:val,(0.9083f0,0.5571289379405789))
iter 71550
 
iter 71600
 
iter 71650
 
iter 71700
 
iter 71750
 
iter 71800
 
iter 71850
 
iter 71900
 
iter 71950
 
iter 72000
 
Computing Accuracy...
49999.0 50000 47.04997961803747 500
Computing Accuracy...
9083.0 10000 55.38603973935824 100
(:iter,72000,:trn,(0.99998f0,0.09409995923607493),:val,(0.9083f0,0.5538603973935824))
iter 72050
 
iter 72100
 
iter 72150
 
iter 72200
 
iter 72250
 
iter 72300
 
iter 72350
 
iter 72400
 
iter 72450
 
iter 72500
 
Computing Accuracy...
49999.0 50000 47.05581532444921 500
Computing Accuracy...
9079.0 10000 55.547613205970265 100
(:iter,72500,:trn,(0.99998f0,0.09411163064889842),:val,(0.9079f0,0.5554761320597027))
iter 72550
 
iter 72600
 
iter 72650
 
iter 72700
 
iter 72750
 
iter 72800
 
iter 72850
 
iter 72900
 
iter 72950
 
iter 73000
 
Computing Accuracy...
49999.0 50000 47.03773283743067 500
Computing Accuracy...
9088.0 10000 55.46947102970444 100
(:iter,73000,:trn,(0.99998f0,0.09407546567486133),:val,(0.9088f0,0.5546947102970443))
iter 73050
 
iter 73100
 
iter 73150
 
iter 73200
 
iter 73250
 
iter 73300
 
iter 73350
 
iter 73400
 
iter 73450
 
iter 73500
 
Computing Accuracy...
49998.0 50000 47.032419725932414 500
Computing Accuracy...
9080.0 10000 55.956564328225795 100
(:iter,73500,:trn,(0.99996f0,0.09406483945186482),:val,(0.908f0,0.559565643282258))
iter 73550
 
iter 73600
 
iter 73650
 
iter 73700
 
iter 73750
 
iter 73800
 
iter 73850
 
iter 73900
 
iter 73950
 
iter 74000
 
Computing Accuracy...
50000.0 50000 46.99706332920687 500
Computing Accuracy...
9087.0 10000 55.53738474933198 100
(:iter,74000,:trn,(1.0f0,0.09399412665841374),:val,(0.9087f0,0.5553738474933197))
iter 74050
 
iter 74100
 
iter 74150
 
iter 74200
 
iter 74250
 
iter 74300
 
iter 74350
 
iter 74400
 
iter 74450
 
iter 74500
 
Computing Accuracy...
50000.0 50000 46.99964107312553 500
Computing Accuracy...
9071.0 10000 55.53978460992221 100
(:iter,74500,:trn,(1.0f0,0.09399928214625106),:val,(0.9071f0,0.555397846099222))
iter 74550
 
iter 74600
 
iter 74650
 
iter 74700
 
iter 74750
 
iter 74800
 
iter 74850
 
iter 74900
 
iter 74950
 
iter 75000
 
Computing Accuracy...
50000.0 50000 46.992450518228 500
Computing Accuracy...
9088.0 10000 55.467940905771684 100
(:iter,75000,:trn,(1.0f0,0.093984901036456),:val,(0.9088f0,0.5546794090577168))
iter 75050
 
iter 75100
 
iter 75150
 
iter 75200
 
iter 75250
 
iter 75300
 
iter 75350
 
iter 75400
 
iter 75450
 
iter 75500
 
Computing Accuracy...
49999.0 50000 46.99800615580898 500
Computing Accuracy...
9080.0 10000 55.805289115116466 100
(:iter,75500,:trn,(0.99998f0,0.09399601231161796),:val,(0.908f0,0.5580528911511646))
iter 75550
 
iter 75600
 
iter 75650
 
iter 75700
 
iter 75750
 
iter 75800
 
iter 75850
 
iter 75900
 
iter 75950
 
iter 76000
 
Computing Accuracy...
49999.0 50000 46.95375098862496 500
Computing Accuracy...
9081.0 10000 55.756039333646186 100
(:iter,76000,:trn,(0.99998f0,0.09390750197724992),:val,(0.9081f0,0.5575603933364619))
iter 76050
 
iter 76100
 
iter 76150
 
iter 76200
 
iter 76250
 
iter 76300
 
iter 76350
 
iter 76400
 
iter 76450
 
iter 76500
 
Computing Accuracy...
49997.0 50000 47.00802288911291 500
Computing Accuracy...
9079.0 10000 55.952252604591195 100
(:iter,76500,:trn,(0.99994f0,0.09401604577822581),:val,(0.9079f0,0.5595225260459119))
iter 76550
 
iter 76600
 
iter 76650
 
iter 76700
 
iter 76750
 
iter 76800
 
iter 76850
 
iter 76900
 
iter 76950
 
iter 77000
 
Computing Accuracy...
49999.0 50000 46.93861317644769 500
Computing Accuracy...
9078.0 10000 55.61819947353797 100
(:iter,77000,:trn,(0.99998f0,0.09387722635289537),:val,(0.9078f0,0.5561819947353797))
iter 77050
 
iter 77100
 
iter 77150
 
iter 77200
 
iter 77250
 
iter 77300
 
iter 77350
 
iter 77400
 
iter 77450
 
iter 77500
 
Computing Accuracy...
49999.0 50000 46.93609622191434 500
Computing Accuracy...
9083.0 10000 55.478695828060154 100
(:iter,77500,:trn,(0.99998f0,0.09387219244382868),:val,(0.9083f0,0.5547869582806015))
iter 77550
 
iter 77600
 
iter 77650
 
iter 77700
 
iter 77750
 
iter 77800
 
iter 77850
 
iter 77900
 
iter 77950
 
iter 78000
 
Computing Accuracy...
49998.0 50000 46.966891019092145 500
Computing Accuracy...
9080.0 10000 56.186766262806486 100
(:iter,78000,:trn,(0.99996f0,0.0939337820381843),:val,(0.908f0,0.5618676626280649))
iter 78050
 
iter 78100
 
iter 78150
 
iter 78200
 
iter 78250
 
iter 78300
 
iter 78350
 
iter 78400
 
iter 78450
 
iter 78500
 
Computing Accuracy...
49999.0 50000 46.92838038008995 500
Computing Accuracy...
9089.0 10000 55.65720533271087 100
(:iter,78500,:trn,(0.99998f0,0.09385676076017989),:val,(0.9089f0,0.5565720533271087))
iter 78550
 
iter 78600
 
iter 78650
 
iter 78700
 
iter 78750
 
iter 78800
 
iter 78850
 
iter 78900
 
iter 78950
 
iter 79000
 
Computing Accuracy...
50000.0 50000 46.89524691802217 500
Computing Accuracy...
9080.0 10000 55.90301489178091 100
(:iter,79000,:trn,(1.0f0,0.09379049383604433),:val,(0.908f0,0.5590301489178091))
iter 79050
 
iter 79100
 
iter 79150
 
iter 79200
 
iter 79250
 
iter 79300
 
iter 79350
 
iter 79400
 
iter 79450
 
iter 79500
 
Computing Accuracy...
49999.0 50000 46.89249863102668 500
Computing Accuracy...
9071.0 10000 55.59801654180046 100
(:iter,79500,:trn,(0.99998f0,0.09378499726205336),:val,(0.9071f0,0.5559801654180047))
iter 79550
 
iter 79600
 
iter 79650
 
iter 79700
 
iter 79750
 
iter 79800
 
iter 79850
 
iter 79900
 
iter 79950
 
iter 80000
 
Computing Accuracy...
49999.0 50000 46.895263524165784 500
Computing Accuracy...
9084.0 10000 55.56405306281522 100
(:iter,80000,:trn,(0.99998f0,0.09379052704833157),:val,(0.9084f0,0.5556405306281522))
Computing Accuracy...
9084.0 10000 55.56405306281522 100
Final accuracy(0.9084f0,0.5556405306281522)
