Loading data...
Data is read...
(32,32,3,45000)
(32,32,3,10000)
(32,32,3,5000)
Computing Accuracy...
4375.0 45000 1077.2638503094447 450
Computing Accuracy...
488.0 5000 119.72963999650915 50
(:iter,0,:trn,(0.09722222222222222,2.3939196673543215),:val,(0.0976,2.394592799930183))
iter 1
 
iter 50
 
iter 100
 
iter 150
 
iter 200
 
iter 250
 
iter 300
 
iter 350
 
iter 400
 
iter 450
 
iter 500
 
iter 550
 
iter 600
 
iter 650
 
iter 700
 
iter 750
 
iter 800
 
iter 850
 
iter 900
 
iter 950
 
iter 1000
 
Computing Accuracy...
26463.0 45000 552.5417114628086 450
Computing Accuracy...
2911.0 5000 63.10721396136011 50
(:iter,1000,:trn,(0.5880666666666666,1.2278704699173524),:val,(0.5822,1.2621442792272022))
iter 1050
 
iter 1100
 
iter 1150
 
iter 1200
 
iter 1250
 
iter 1300
 
iter 1350
 
iter 1400
 
iter 1450
 
iter 1500
 
iter 1550
 
iter 1600
 
iter 1650
 
iter 1700
 
iter 1750
 
iter 1800
 
iter 1850
 
iter 1900
 
iter 1950
 
iter 2000
 
Computing Accuracy...
31792.0 45000 421.2406730720808 450
Computing Accuracy...
3422.0 5000 49.134468628210485 50
(:iter,2000,:trn,(0.7064888888888889,0.936090384604624),:val,(0.6844,0.9826893725642097))
iter 2050
 
iter 2100
 
iter 2150
 
iter 2200
 
iter 2250
 
iter 2300
 
iter 2350
 
iter 2400
 
iter 2450
 
iter 2500
 
iter 2550
 
iter 2600
 
iter 2650
 
iter 2700
 
iter 2750
 
iter 2800
 
iter 2850
 
iter 2900
 
iter 2950
 
iter 3000
 
Computing Accuracy...
32382.0 45000 417.7541479814336 450
Computing Accuracy...
3476.0 5000 51.724083420875004 50
(:iter,3000,:trn,(0.7196,0.9283425510698525),:val,(0.6952,1.0344816684175))
iter 3050
 
iter 3100
 
iter 3150
 
iter 3200
 
iter 3250
 
iter 3300
 
iter 3350
 
iter 3400
 
iter 3450
 
iter 3500
 
iter 3550
 
iter 3600
 
iter 3650
 
iter 3700
 
iter 3750
 
iter 3800
 
iter 3850
 
iter 3900
 
iter 3950
 
iter 4000
 
Computing Accuracy...
35153.0 45000 340.78669834613527 450
Computing Accuracy...
3754.0 5000 43.636115613241294 50
(:iter,4000,:trn,(0.7811777777777777,0.7573037741025228),:val,(0.7508,0.8727223122648259))
iter 4050
 
iter 4100
 
iter 4150
 
iter 4200
 
iter 4250
 
iter 4300
 
iter 4350
 
iter 4400
 
iter 4450
 
iter 4500
 
iter 4550
 
iter 4600
 
iter 4650
 
iter 4700
 
iter 4750
 
iter 4800
 
iter 4850
 
iter 4900
 
iter 4950
 
iter 5000
 
Computing Accuracy...
35981.0 45000 323.246247412552 450
Computing Accuracy...
3795.0 5000 42.70229886431404 50
(:iter,5000,:trn,(0.7995777777777778,0.7183249942501155),:val,(0.759,0.8540459772862807))
iter 5050
 
iter 5100
 
iter 5150
 
iter 5200
 
iter 5250
 
iter 5300
 
iter 5350
 
iter 5400
 
iter 5450
 
iter 5500
 
iter 5550
 
iter 5600
 
iter 5650
 
iter 5700
 
iter 5750
 
iter 5800
 
iter 5850
 
iter 5900
 
iter 5950
 
iter 6000
 
Computing Accuracy...
36536.0 45000 321.73961517887096 450
Computing Accuracy...
3844.0 5000 43.049162791614975 50
(:iter,6000,:trn,(0.8119111111111111,0.7149769226197132),:val,(0.7688,0.8609832558322995))
iter 6050
 
iter 6100
 
iter 6150
 
iter 6200
 
iter 6250
 
iter 6300
 
iter 6350
 
iter 6400
 
iter 6450
 
iter 6500
 
iter 6550
 
iter 6600
 
iter 6650
 
iter 6700
 
iter 6750
 
iter 6800
 
iter 6850
 
iter 6900
 
iter 6950
 
iter 7000
 
Computing Accuracy...
36197.0 45000 329.4177856660691 450
Computing Accuracy...
3837.0 5000 43.68701263930668 50
(:iter,7000,:trn,(0.8043777777777777,0.7320395237023758),:val,(0.7674,0.8737402527861335))
iter 7050
 
iter 7100
 
iter 7150
 
iter 7200
 
iter 7250
 
iter 7300
 
iter 7350
 
iter 7400
 
iter 7450
 
iter 7500
 
iter 7550
 
iter 7600
 
iter 7650
 
iter 7700
 
iter 7750
 
iter 7800
 
iter 7850
 
iter 7900
 
iter 7950
 
iter 8000
 
Computing Accuracy...
37963.0 45000 276.47005095428455 450
Computing Accuracy...
4002.0 5000 38.62829150631302 50
(:iter,8000,:trn,(0.8436222222222223,0.6143778910095212),:val,(0.8004,0.7725658301262603))
iter 8050
 
iter 8100
 
iter 8150
 
iter 8200
 
iter 8250
 
iter 8300
 
iter 8350
 
iter 8400
 
iter 8450
 
iter 8500
 
iter 8550
 
iter 8600
 
iter 8650
 
iter 8700
 
iter 8750
 
iter 8800
 
iter 8850
 
iter 8900
 
iter 8950
 
iter 9000
 
Computing Accuracy...
36727.0 45000 317.44399943915886 450
Computing Accuracy...
3892.0 5000 44.52001776681322 50
(:iter,9000,:trn,(0.8161555555555555,0.7054311098647975),:val,(0.7784,0.8904003553362644))
iter 9050
 
iter 9100
 
iter 9150
 
iter 9200
 
iter 9250
 
iter 9300
 
iter 9350
 
iter 9400
 
iter 9450
 
iter 9500
 
iter 9550
 
iter 9600
 
iter 9650
 
iter 9700
 
iter 9750
 
iter 9800
 
iter 9850
 
iter 9900
 
iter 9950
 
iter 10000
 
Computing Accuracy...
38249.0 45000 277.69259720502 450
Computing Accuracy...
3991.0 5000 39.75604488992133 50
(:iter,10000,:trn,(0.8499777777777778,0.6170946604555999),:val,(0.7982,0.7951208977984265))
iter 10050
 
iter 10100
 
iter 10150
 
iter 10200
 
iter 10250
 
iter 10300
 
iter 10350
 
iter 10400
 
iter 10450
 
iter 10500
 
iter 10550
 
iter 10600
 
iter 10650
 
iter 10700
 
iter 10750
 
iter 10800
 
iter 10850
 
iter 10900
 
iter 10950
 
iter 11000
 
Computing Accuracy...
38462.0 45000 270.73433030401304 450
Computing Accuracy...
4037.0 5000 39.48762460682666 50
(:iter,11000,:trn,(0.8547111111111111,0.601631845120029),:val,(0.8074,0.7897524921365331))
iter 11050
 
iter 11100
 
iter 11150
 
iter 11200
 
iter 11250
 
iter 11300
 
iter 11350
 
iter 11400
 
iter 11450
 
iter 11500
 
iter 11550
 
iter 11600
 
iter 11650
 
iter 11700
 
iter 11750
 
iter 11800
 
iter 11850
 
iter 11900
 
iter 11950
 
iter 12000
 
Computing Accuracy...
39230.0 45000 247.93121805702364 450
Computing Accuracy...
4083.0 5000 37.42001347445459 50
(:iter,12000,:trn,(0.8717777777777778,0.5509582623489414),:val,(0.8166,0.7484002694890919))
iter 12050
 
iter 12100
 
iter 12150
 
iter 12200
 
iter 12250
 
iter 12300
 
iter 12350
 
iter 12400
 
iter 12450
 
iter 12500
 
iter 12550
 
iter 12600
 
iter 12650
 
iter 12700
 
iter 12750
 
iter 12800
 
iter 12850
 
iter 12900
 
iter 12950
 
iter 13000
 
Computing Accuracy...
39375.0 45000 244.78880969337476 450
Computing Accuracy...
4085.0 5000 37.04312988476108 50
(:iter,13000,:trn,(0.875,0.5439751326519439),:val,(0.817,0.7408625976952216))
iter 13050
 
iter 13100
 
iter 13150
 
iter 13200
 
iter 13250
 
iter 13300
 
iter 13350
 
iter 13400
 
iter 13450
 
iter 13500
 
iter 13550
 
iter 13600
 
iter 13650
 
iter 13700
 
iter 13750
 
iter 13800
 
iter 13850
 
iter 13900
 
iter 13950
 
iter 14000
 
Computing Accuracy...
39489.0 45000 244.6848413473602 450
Computing Accuracy...
4130.0 5000 36.957394310392175 50
(:iter,14000,:trn,(0.8775333333333334,0.5437440918830226),:val,(0.826,0.7391478862078436))
iter 14050
 
iter 14100
 
iter 14150
 
iter 14200
 
iter 14250
 
iter 14300
 
iter 14350
 
iter 14400
 
iter 14450
 
iter 14500
 
iter 14550
 
iter 14600
 
iter 14650
 
iter 14700
 
iter 14750
 
iter 14800
 
iter 14850
 
iter 14900
 
iter 14950
 
iter 15000
 
Computing Accuracy...
39107.0 45000 259.9710063647468 450
Computing Accuracy...
4065.0 5000 40.16323527220806 50
(:iter,15000,:trn,(0.8690444444444444,0.5777133474772151),:val,(0.813,0.8032647054441613))
iter 15050
 
iter 15100
 
iter 15150
 
iter 15200
 
iter 15250
 
iter 15300
 
iter 15350
 
iter 15400
 
iter 15450
 
iter 15500
 
iter 15550
 
iter 15600
 
iter 15650
 
iter 15700
 
iter 15750
 
iter 15800
 
iter 15850
 
iter 15900
 
iter 15950
 
iter 16000
 
Computing Accuracy...
38553.0 45000 274.4210414158118 450
Computing Accuracy...
4022.0 5000 41.43731818519668 50
(:iter,16000,:trn,(0.8567333333333333,0.6098245364795818),:val,(0.8044,0.8287463637039336))
iter 16050
 
iter 16100
 
iter 16150
 
iter 16200
 
iter 16250
 
iter 16300
 
iter 16350
 
iter 16400
 
iter 16450
 
iter 16500
 
iter 16550
 
iter 16600
 
iter 16650
 
iter 16700
 
iter 16750
 
iter 16800
 
iter 16850
 
iter 16900
 
iter 16950
 
iter 17000
 
Computing Accuracy...
39420.0 45000 248.62568442762725 450
Computing Accuracy...
4103.0 5000 38.96519649261824 50
(:iter,17000,:trn,(0.876,0.5525015209502828),:val,(0.8206,0.7793039298523649))
iter 17050
 
iter 17100
 
iter 17150
 
iter 17200
 
iter 17250
 
iter 17300
 
iter 17350
 
iter 17400
 
iter 17450
 
iter 17500
 
iter 17550
 
iter 17600
 
iter 17650
 
iter 17700
 
iter 17750
 
iter 17800
 
iter 17850
 
iter 17900
 
iter 17950
 
iter 18000
 
Computing Accuracy...
38365.0 45000 284.3112815768139 450
Computing Accuracy...
4007.0 5000 42.999234582774534 50
(:iter,18000,:trn,(0.8525555555555555,0.6318028479484753),:val,(0.8014,0.8599846916554906))
iter 18050
 
iter 18100
 
iter 18150
 
iter 18200
 
iter 18250
 
iter 18300
 
iter 18350
 
iter 18400
 
iter 18450
 
iter 18500
 
iter 18550
 
iter 18600
 
iter 18650
 
iter 18700
 
iter 18750
 
iter 18800
 
iter 18850
 
iter 18900
 
iter 18950
 
iter 19000
 
Computing Accuracy...
38197.0 45000 301.3656440781494 450
Computing Accuracy...
3955.0 5000 45.61476093021296 50
(:iter,19000,:trn,(0.8488222222222223,0.6697014312847764),:val,(0.791,0.9122952186042592))
iter 19050
 
iter 19100
 
iter 19150
 
iter 19200
 
iter 19250
 
iter 19300
 
iter 19350
 
iter 19400
 
iter 19450
 
iter 19500
 
iter 19550
 
iter 19600
 
iter 19650
 
iter 19700
 
iter 19750
 
iter 19800
 
iter 19850
 
iter 19900
 
iter 19950
 
iter 20000
 
Computing Accuracy...
39837.0 45000 245.81181597423807 450
Computing Accuracy...
4123.0 5000 40.16679367225575 50
(:iter,20000,:trn,(0.8852666666666666,0.5462484799427513),:val,(0.8246,0.803335873445115))
iter 20050
 
iter 20100
 
iter 20150
 
iter 20200
 
iter 20250
 
iter 20300
 
iter 20350
 
iter 20400
 
iter 20450
 
iter 20500
 
iter 20550
 
iter 20600
 
iter 20650
 
iter 20700
 
iter 20750
 
iter 20800
 
iter 20850
 
iter 20900
 
iter 20950
 
iter 21000
 
Computing Accuracy...
39975.0 45000 241.08736390981244 450
Computing Accuracy...
4131.0 5000 39.468246079339266 50
(:iter,21000,:trn,(0.8883333333333333,0.535749697577361),:val,(0.8262,0.7893649215867853))
iter 21050
 
iter 21100
 
iter 21150
 
iter 21200
 
iter 21250
 
iter 21300
 
iter 21350
 
iter 21400
 
iter 21450
 
iter 21500
 
iter 21550
 
iter 21600
 
iter 21650
 
iter 21700
 
iter 21750
 
iter 21800
 
iter 21850
 
iter 21900
 
iter 21950
 
iter 22000
 
Computing Accuracy...
40210.0 45000 232.27238607582174 450
Computing Accuracy...
4169.0 5000 37.8993848997602 50
(:iter,22000,:trn,(0.8935555555555555,0.5161608579462705),:val,(0.8338,0.757987697995204))
iter 22050
 
iter 22100
 
iter 22150
 
iter 22200
 
iter 22250
 
iter 22300
 
iter 22350
 
iter 22400
 
iter 22450
 
iter 22500
 
iter 22550
 
iter 22600
 
iter 22650
 
iter 22700
 
iter 22750
 
iter 22800
 
iter 22850
 
iter 22900
 
iter 22950
 
iter 23000
 
Computing Accuracy...
40035.0 45000 241.69963871501284 450
Computing Accuracy...
4151.0 5000 40.0732805334486 50
(:iter,23000,:trn,(0.8896666666666667,0.537110308255584),:val,(0.8302,0.801465610668972))
iter 23050
 
iter 23100
 
iter 23150
 
iter 23200
 
iter 23250
 
iter 23300
 
iter 23350
 
iter 23400
 
iter 23450
 
iter 23500
 
iter 23550
 
iter 23600
 
iter 23650
 
iter 23700
 
iter 23750
 
iter 23800
 
iter 23850
 
iter 23900
 
iter 23950
 
iter 24000
 
Computing Accuracy...
40126.0 45000 236.62426467755728 450
Computing Accuracy...
4164.0 5000 38.94270439493437 50
(:iter,24000,:trn,(0.8916888888888889,0.5258316992834606),:val,(0.8328,0.7788540878986874))
iter 24050
 
iter 24100
 
iter 24150
 
iter 24200
 
iter 24250
 
iter 24300
 
iter 24350
 
iter 24400
 
iter 24450
 
iter 24500
 
iter 24550
 
iter 24600
 
iter 24650
 
iter 24700
 
iter 24750
 
iter 24800
 
iter 24850
 
iter 24900
 
iter 24950
 
iter 25000
 
Computing Accuracy...
40462.0 45000 229.45586911842113 450
Computing Accuracy...
4141.0 5000 39.73190633387015 50
(:iter,25000,:trn,(0.8991555555555556,0.5099019313742692),:val,(0.8282,0.794638126677403))
iter 25050
 
iter 25100
 
iter 25150
 
iter 25200
 
iter 25250
 
iter 25300
 
iter 25350
 
iter 25400
 
iter 25450
 
iter 25500
 
iter 25550
 
iter 25600
 
iter 25650
 
iter 25700
 
iter 25750
 
iter 25800
 
iter 25850
 
iter 25900
 
iter 25950
 
iter 26000
 
Computing Accuracy...
37663.0 45000 324.33095540538704 450
Computing Accuracy...
3928.0 5000 50.70490558881205 50
(:iter,26000,:trn,(0.8369555555555556,0.7207354564564157),:val,(0.7856,1.014098111776241))
iter 26050
 
iter 26100
 
iter 26150
 
iter 26200
 
iter 26250
 
iter 26300
 
iter 26350
 
iter 26400
 
iter 26450
 
iter 26500
 
iter 26550
 
iter 26600
 
iter 26650
 
iter 26700
 
iter 26750
 
iter 26800
 
iter 26850
 
iter 26900
 
iter 26950
 
iter 27000
 
Computing Accuracy...
39903.0 45000 246.06977137933222 450
Computing Accuracy...
4091.0 5000 42.892470727181866 50
(:iter,27000,:trn,(0.8867333333333334,0.5468217141762939),:val,(0.8182,0.8578494145436373))
iter 27050
 
iter 27100
 
iter 27150
 
iter 27200
 
iter 27250
 
iter 27300
 
iter 27350
 
iter 27400
 
iter 27450
 
iter 27500
 
iter 27550
 
iter 27600
 
iter 27650
 
iter 27700
 
iter 27750
 
iter 27800
 
iter 27850
 
iter 27900
 
iter 27950
 
iter 28000
 
Computing Accuracy...
40912.0 45000 217.96301360452563 450
Computing Accuracy...
4190.0 5000 37.960224526275674 50
(:iter,28000,:trn,(0.9091555555555556,0.4843622524545014),:val,(0.838,0.7592044905255135))
iter 28050
 
iter 28100
 
iter 28150
 
iter 28200
 
iter 28250
 
iter 28300
 
iter 28350
 
iter 28400
 
iter 28450
 
iter 28500
 
iter 28550
 
iter 28600
 
iter 28650
 
iter 28700
 
iter 28750
 
iter 28800
 
iter 28850
 
iter 28900
 
iter 28950
 
iter 29000
 
Computing Accuracy...
39784.0 45000 252.10435327483322 450
Computing Accuracy...
4074.0 5000 43.630990959366805 50
(:iter,29000,:trn,(0.8840888888888889,0.560231896166296),:val,(0.8148,0.8726198191873361))
iter 29050
 
iter 29100
 
iter 29150
 
iter 29200
 
iter 29250
 
iter 29300
 
iter 29350
 
iter 29400
 
iter 29450
 
iter 29500
 
iter 29550
 
iter 29600
 
iter 29650
 
iter 29700
 
iter 29750
 
iter 29800
 
iter 29850
 
iter 29900
 
iter 29950
 
iter 30000
 
Computing Accuracy...
40655.0 45000 225.9047889833895 450
Computing Accuracy...
4153.0 5000 39.64644156200373 50
(:iter,30000,:trn,(0.9034444444444445,0.50201064218531),:val,(0.8306,0.7929288312400746))
iter 30050
 
iter 30100
 
iter 30150
 
iter 30200
 
iter 30250
 
iter 30300
 
iter 30350
 
iter 30400
 
iter 30450
 
iter 30500
 
iter 30550
 
iter 30600
 
iter 30650
 
iter 30700
 
iter 30750
 
iter 30800
 
iter 30850
 
iter 30900
 
iter 30950
 
iter 31000
 
Computing Accuracy...
38253.0 45000 301.1670484106526 450
Computing Accuracy...
3957.0 5000 47.527609861423095 50
(:iter,31000,:trn,(0.8500666666666666,0.669260107579228),:val,(0.7914,0.9505521972284618))
iter 31050
 
iter 31100
 
iter 31150
 
iter 31200
 
iter 31250
 
iter 31300
 
iter 31350
 
iter 31400
 
iter 31450
 
iter 31500
 
iter 31550
 
iter 31600
 
iter 31650
 
iter 31700
 
iter 31750
 
iter 31800
 
iter 31850
 
iter 31900
 
iter 31950
 
iter 32000
 
Computing Accuracy...
40648.0 45000 224.1299465815355 450
Computing Accuracy...
4175.0 5000 38.30336104355768 50
(:iter,32000,:trn,(0.9032888888888889,0.49806654795896776),:val,(0.835,0.7660672208711535))
iter 32050
 
iter 32100
 
iter 32150
 
iter 32200
 
iter 32250
 
iter 32300
 
iter 32350
 
iter 32400
 
iter 32450
 
iter 32500
 
iter 32550
 
iter 32600
 
iter 32650
 
iter 32700
 
iter 32750
 
iter 32800
 
iter 32850
 
iter 32900
 
iter 32950
 
iter 33000
 
Computing Accuracy...
43436.0 45000 147.32444019012698 450
Computing Accuracy...
4411.0 5000 31.328644613911017 50
(:iter,33000,:trn,(0.9652444444444445,0.3273876448669488),:val,(0.8822,0.6265728922782203))
iter 33050
 
iter 33100
 
iter 33150
 
iter 33200
 
iter 33250
 
iter 33300
 
iter 33350
 
iter 33400
 
iter 33450
 
iter 33500
 
iter 33550
 
iter 33600
 
iter 33650
 
iter 33700
 
iter 33750
 
iter 33800
 
iter 33850
 
iter 33900
 
iter 33950
 
iter 34000
 
Computing Accuracy...
43768.0 45000 136.4666382429926 450
Computing Accuracy...
4430.0 5000 31.432468850034535 50
(:iter,34000,:trn,(0.9726222222222223,0.3032591960955391),:val,(0.886,0.6286493770006907))
iter 34050
 
iter 34100
 
iter 34150
 
iter 34200
 
iter 34250
 
iter 34300
 
iter 34350
 
iter 34400
 
iter 34450
 
iter 34500
 
iter 34550
 
iter 34600
 
iter 34650
 
iter 34700
 
iter 34750
 
iter 34800
 
iter 34850
 
iter 34900
 
iter 34950
 
iter 35000
 
Computing Accuracy...
43859.0 45000 131.57327012860327 450
Computing Accuracy...
4402.0 5000 32.60060838752544 50
(:iter,35000,:trn,(0.9746444444444444,0.29238504473022947),:val,(0.8804,0.6520121677505089))
iter 35050
 
iter 35100
 
iter 35150
 
iter 35200
 
iter 35250
 
iter 35300
 
iter 35350
 
iter 35400
 
iter 35450
 
iter 35500
 
iter 35550
 
iter 35600
 
iter 35650
 
iter 35700
 
iter 35750
 
iter 35800
 
iter 35850
 
iter 35900
 
iter 35950
 
iter 36000
 
Computing Accuracy...
44038.0 45000 124.25247025371212 450
Computing Accuracy...
4416.0 5000 32.86635878565735 50
(:iter,36000,:trn,(0.9786222222222222,0.2761166005638047),:val,(0.8832,0.6573271757131469))
iter 36050
 
iter 36100
 
iter 36150
 
iter 36200
 
iter 36250
 
iter 36300
 
iter 36350
 
iter 36400
 
iter 36450
 
iter 36500
 
iter 36550
 
iter 36600
 
iter 36650
 
iter 36700
 
iter 36750
 
iter 36800
 
iter 36850
 
iter 36900
 
iter 36950
 
iter 37000
 
Computing Accuracy...
44136.0 45000 120.43383155697605 450
Computing Accuracy...
4402.0 5000 33.31093527618964 50
(:iter,37000,:trn,(0.9808,0.2676307367932801),:val,(0.8804,0.6662187055237928))
iter 37050
 
iter 37100
 
iter 37150
 
iter 37200
 
iter 37250
 
iter 37300
 
iter 37350
 
iter 37400
 
iter 37450
 
iter 37500
 
iter 37550
 
iter 37600
 
iter 37650
 
iter 37700
 
iter 37750
 
iter 37800
 
iter 37850
 
iter 37900
 
iter 37950
 
iter 38000
 
Computing Accuracy...
44256.0 45000 115.44073246040526 450
Computing Accuracy...
4414.0 5000 33.83580141872942 50
(:iter,38000,:trn,(0.9834666666666667,0.2565349610231228),:val,(0.8828,0.6767160283745883))
iter 38050
 
iter 38100
 
iter 38150
 
iter 38200
 
iter 38250
 
iter 38300
 
iter 38350
 
iter 38400
 
iter 38450
 
iter 38500
 
iter 38550
 
iter 38600
 
iter 38650
 
iter 38700
 
iter 38750
 
iter 38800
 
iter 38850
 
iter 38900
 
iter 38950
 
iter 39000
 
Computing Accuracy...
44334.0 45000 111.55012399876759 450
Computing Accuracy...
4392.0 5000 34.11600848673605 50
(:iter,39000,:trn,(0.9852,0.24788916444170575),:val,(0.8784,0.682320169734721))
iter 39050
 
iter 39100
 
iter 39150
 
iter 39200
 
iter 39250
 
iter 39300
 
iter 39350
 
iter 39400
 
iter 39450
 
iter 39500
 
iter 39550
 
iter 39600
 
iter 39650
 
iter 39700
 
iter 39750
 
iter 39800
 
iter 39850
 
iter 39900
 
iter 39950
 
iter 40000
 
Computing Accuracy...
44379.0 45000 108.79475625707542 450
Computing Accuracy...
4410.0 5000 34.435041398731386 50
(:iter,40000,:trn,(0.9862,0.24176612501572314),:val,(0.882,0.6887008279746277))
iter 40050
 
iter 40100
 
iter 40150
 
iter 40200
 
iter 40250
 
iter 40300
 
iter 40350
 
iter 40400
 
iter 40450
 
iter 40500
 
iter 40550
 
iter 40600
 
iter 40650
 
iter 40700
 
iter 40750
 
iter 40800
 
iter 40850
 
iter 40900
 
iter 40950
 
iter 41000
 
Computing Accuracy...
44466.0 45000 104.70686359666301 450
Computing Accuracy...
4387.0 5000 34.81225646781546 50
(:iter,41000,:trn,(0.9881333333333333,0.2326819191036956),:val,(0.8774,0.6962451293563092))
iter 41050
 
iter 41100
 
iter 41150
 
iter 41200
 
iter 41250
 
iter 41300
 
iter 41350
 
iter 41400
 
iter 41450
 
iter 41500
 
iter 41550
 
iter 41600
 
iter 41650
 
iter 41700
 
iter 41750
 
iter 41800
 
iter 41850
 
iter 41900
 
iter 41950
 
iter 42000
 
Computing Accuracy...
44459.0 45000 103.06451974291534 450
Computing Accuracy...
4390.0 5000 35.204203778644455 50
(:iter,42000,:trn,(0.9879777777777777,0.22903226609536742),:val,(0.878,0.7040840755728891))
iter 42050
 
iter 42100
 
iter 42150
 
iter 42200
 
iter 42250
 
iter 42300
 
iter 42350
 
iter 42400
 
iter 42450
 
iter 42500
 
iter 42550
 
iter 42600
 
iter 42650
 
iter 42700
 
iter 42750
 
iter 42800
 
iter 42850
 
iter 42900
 
iter 42950
 
iter 43000
 
Computing Accuracy...
44492.0 45000 100.16827995676597 450
Computing Accuracy...
4415.0 5000 35.10317092951205 50
(:iter,43000,:trn,(0.9887111111111111,0.22259617768170215),:val,(0.883,0.702063418590241))
iter 43050
 
iter 43100
 
iter 43150
 
iter 43200
 
iter 43250
 
iter 43300
 
iter 43350
 
iter 43400
 
iter 43450
 
iter 43500
 
iter 43550
 
iter 43600
 
iter 43650
 
iter 43700
 
iter 43750
 
iter 43800
 
iter 43850
 
iter 43900
 
iter 43950
 
iter 44000
 
Computing Accuracy...
44556.0 45000 97.73297856814429 450
Computing Accuracy...
4411.0 5000 35.38308854254692 50
(:iter,44000,:trn,(0.9901333333333333,0.21718439681809842),:val,(0.8822,0.7076617708509384))
iter 44050
 
iter 44100
 
iter 44150
 
iter 44200
 
iter 44250
 
iter 44300
 
iter 44350
 
iter 44400
 
iter 44450
 
iter 44500
 
iter 44550
 
iter 44600
 
iter 44650
 
iter 44700
 
iter 44750
 
iter 44800
 
iter 44850
 
iter 44900
 
iter 44950
 
iter 45000
 
Computing Accuracy...
44617.0 45000 94.78521398366617 450
Computing Accuracy...
4399.0 5000 36.0230742058424 50
(:iter,45000,:trn,(0.9914888888888889,0.21063380885259148),:val,(0.8798,0.720461484116848))
iter 45050
 
iter 45100
 
iter 45150
 
iter 45200
 
iter 45250
 
iter 45300
 
iter 45350
 
iter 45400
 
iter 45450
 
iter 45500
 
iter 45550
 
iter 45600
 
iter 45650
 
iter 45700
 
iter 45750
 
iter 45800
 
iter 45850
 
iter 45900
 
iter 45950
 
iter 46000
 
Computing Accuracy...
44584.0 45000 93.48789270959811 450
Computing Accuracy...
4405.0 5000 36.16852572710063 50
(:iter,46000,:trn,(0.9907555555555555,0.2077508726879958),:val,(0.881,0.7233705145420126))
iter 46050
 
iter 46100
 
iter 46150
 
iter 46200
 
iter 46250
 
iter 46300
 
iter 46350
 
iter 46400
 
iter 46450
 
iter 46500
 
iter 46550
 
iter 46600
 
iter 46650
 
iter 46700
 
iter 46750
 
iter 46800
 
iter 46850
 
iter 46900
 
iter 46950
 
iter 47000
 
Computing Accuracy...
44638.0 45000 91.3578949224733 450
Computing Accuracy...
4407.0 5000 36.37481178809607 50
(:iter,47000,:trn,(0.9919555555555556,0.2030175442721629),:val,(0.8814,0.7274962357619214))
iter 47050
 
iter 47100
 
iter 47150
 
iter 47200
 
iter 47250
 
iter 47300
 
iter 47350
 
iter 47400
 
iter 47450
 
iter 47500
 
iter 47550
 
iter 47600
 
iter 47650
 
iter 47700
 
iter 47750
 
iter 47800
 
iter 47850
 
iter 47900
 
iter 47950
 
iter 48000
 
Computing Accuracy...
44661.0 45000 89.25444613883094 450
Computing Accuracy...
4410.0 5000 36.04717493249095 50
(:iter,48000,:trn,(0.9924666666666667,0.19834321364184654),:val,(0.882,0.7209434986498189))
iter 48050
 
iter 48100
 
iter 48150
 
iter 48200
 
iter 48250
 
iter 48300
 
iter 48350
 
iter 48400
 
iter 48450
 
iter 48500
 
iter 48550
 
iter 48600
 
iter 48650
 
iter 48700
 
iter 48750
 
iter 48800
 
iter 48850
 
iter 48900
 
iter 48950
 
iter 49000
 
Computing Accuracy...
44765.0 45000 86.4327546847154 450
Computing Accuracy...
4421.0 5000 35.762080340771604 50
(:iter,49000,:trn,(0.9947777777777778,0.19207278818825646),:val,(0.8842,0.715241606815432))
iter 49050
 
iter 49100
 
iter 49150
 
iter 49200
 
iter 49250
 
iter 49300
 
iter 49350
 
iter 49400
 
iter 49450
 
iter 49500
 
iter 49550
 
iter 49600
 
iter 49650
 
iter 49700
 
iter 49750
 
iter 49800
 
iter 49850
 
iter 49900
 
iter 49950
 
iter 50000
 
Computing Accuracy...
44787.0 45000 85.63548654528998 450
Computing Accuracy...
4416.0 5000 35.72995817278562 50
(:iter,50000,:trn,(0.9952666666666666,0.1903010812117555),:val,(0.8832,0.7145991634557124))
iter 50050
 
iter 50100
 
iter 50150
 
iter 50200
 
iter 50250
 
iter 50300
 
iter 50350
 
iter 50400
 
iter 50450
 
iter 50500
 
iter 50550
 
iter 50600
 
iter 50650
 
iter 50700
 
iter 50750
 
iter 50800
 
iter 50850
 
iter 50900
 
iter 50950
 
iter 51000
 
Computing Accuracy...
44804.0 45000 85.28253479938647 450
Computing Accuracy...
4405.0 5000 35.96857248675504 50
(:iter,51000,:trn,(0.9956444444444444,0.1895167439986366),:val,(0.881,0.7193714497351009))
iter 51050
 
iter 51100
 
iter 51150
 
iter 51200
 
iter 51250
 
iter 51300
 
iter 51350
 
iter 51400
 
iter 51450
 
iter 51500
 
iter 51550
 
iter 51600
 
iter 51650
 
iter 51700
 
iter 51750
 
iter 51800
 
iter 51850
 
iter 51900
 
iter 51950
 
iter 52000
 
Computing Accuracy...
44832.0 45000 84.73647821078421 450
Computing Accuracy...
4412.0 5000 35.82589254837193 50
(:iter,52000,:trn,(0.9962666666666666,0.1883032849128538),:val,(0.8824,0.7165178509674387))
iter 52050
 
iter 52100
 
iter 52150
 
iter 52200
 
iter 52250
 
iter 52300
 
iter 52350
 
iter 52400
 
iter 52450
 
iter 52500
 
iter 52550
 
iter 52600
 
iter 52650
 
iter 52700
 
iter 52750
 
iter 52800
 
iter 52850
 
iter 52900
 
iter 52950
 
iter 53000
 
Computing Accuracy...
44833.0 45000 84.32628549399915 450
Computing Accuracy...
4412.0 5000 36.11099747599946 50
(:iter,53000,:trn,(0.9962888888888889,0.18739174554222032),:val,(0.8824,0.7222199495199892))
iter 53050
 
iter 53100
 
iter 53150
 
iter 53200
 
iter 53250
 
iter 53300
 
iter 53350
 
iter 53400
 
iter 53450
 
iter 53500
 
iter 53550
 
iter 53600
 
iter 53650
 
iter 53700
 
iter 53750
 
iter 53800
 
iter 53850
 
iter 53900
 
iter 53950
 
iter 54000
 
Computing Accuracy...
44842.0 45000 84.01793325845567 450
Computing Accuracy...
4424.0 5000 35.78768869347641 50
(:iter,54000,:trn,(0.9964888888888889,0.1867065183521237),:val,(0.8848,0.7157537738695282))
iter 54050
 
iter 54100
 
iter 54150
 
iter 54200
 
iter 54250
 
iter 54300
 
iter 54350
 
iter 54400
 
iter 54450
 
iter 54500
 
iter 54550
 
iter 54600
 
iter 54650
 
iter 54700
 
iter 54750
 
iter 54800
 
iter 54850
 
iter 54900
 
iter 54950
 
iter 55000
 
Computing Accuracy...
44840.0 45000 83.7268501605875 450
Computing Accuracy...
4408.0 5000 35.91663192340368 50
(:iter,55000,:trn,(0.9964444444444445,0.18605966702352777),:val,(0.8816,0.7183326384680736))
iter 55050
 
iter 55100
 
iter 55150
 
iter 55200
 
iter 55250
 
iter 55300
 
iter 55350
 
iter 55400
 
iter 55450
 
iter 55500
 
iter 55550
 
iter 55600
 
iter 55650
 
iter 55700
 
iter 55750
 
iter 55800
 
iter 55850
 
iter 55900
 
iter 55950
 
iter 56000
 
Computing Accuracy...
44864.0 45000 83.20912773745572 450
Computing Accuracy...
4415.0 5000 35.70363410676368 50
(:iter,56000,:trn,(0.9969777777777777,0.1849091727499016),:val,(0.883,0.7140726821352736))
iter 56050
 
iter 56100
 
iter 56150
 
iter 56200
 
iter 56250
 
iter 56300
 
iter 56350
 
iter 56400
 
iter 56450
 
iter 56500
 
iter 56550
 
iter 56600
 
iter 56650
 
iter 56700
 
iter 56750
 
iter 56800
 
iter 56850
 
iter 56900
 
iter 56950
 
iter 57000
 
Computing Accuracy...
44853.0 45000 83.15478824596286 450
Computing Accuracy...
4417.0 5000 35.91191021654042 50
(:iter,57000,:trn,(0.9967333333333334,0.1847884183243619),:val,(0.8834,0.7182382043308084))
iter 57050
 
iter 57100
 
iter 57150
 
iter 57200
 
iter 57250
 
iter 57300
 
iter 57350
 
iter 57400
 
iter 57450
 
iter 57500
 
iter 57550
 
iter 57600
 
iter 57650
 
iter 57700
 
iter 57750
 
iter 57800
 
iter 57850
 
iter 57900
 
iter 57950
 
iter 58000
 
Computing Accuracy...
44863.0 45000 82.89914657251377 450
Computing Accuracy...
4413.0 5000 35.994424506572166 50
(:iter,58000,:trn,(0.9969555555555556,0.18422032571669728),:val,(0.8826,0.7198884901314433))
iter 58050
 
iter 58100
 
iter 58150
 
iter 58200
 
iter 58250
 
iter 58300
 
iter 58350
 
iter 58400
 
iter 58450
 
iter 58500
 
iter 58550
 
iter 58600
 
iter 58650
 
iter 58700
 
iter 58750
 
iter 58800
 
iter 58850
 
iter 58900
 
iter 58950
 
iter 59000
 
Computing Accuracy...
44856.0 45000 82.47969303949728 450
Computing Accuracy...
4407.0 5000 36.499089129247096 50
(:iter,59000,:trn,(0.9968,0.18328820675443838),:val,(0.8814,0.729981782584942))
iter 59050
 
iter 59100
 
iter 59150
 
iter 59200
 
iter 59250
 
iter 59300
 
iter 59350
 
iter 59400
 
iter 59450
 
iter 59500
 
iter 59550
 
iter 59600
 
iter 59650
 
iter 59700
 
iter 59750
 
iter 59800
 
iter 59850
 
iter 59900
 
iter 59950
 
iter 60000
 
Computing Accuracy...
44863.0 45000 82.30139537983385 450
Computing Accuracy...
4413.0 5000 35.77528971793409 50
(:iter,60000,:trn,(0.9969555555555556,0.1828919897329641),:val,(0.8826,0.7155057943586819))
iter 60050
 
iter 60100
 
iter 60150
 
iter 60200
 
iter 60250
 
iter 60300
 
iter 60350
 
iter 60400
 
iter 60450
 
iter 60500
 
iter 60550
 
iter 60600
 
iter 60650
 
iter 60700
 
iter 60750
 
iter 60800
 
iter 60850
 
iter 60900
 
iter 60950
 
iter 61000
 
Computing Accuracy...
44880.0 45000 81.90491078226535 450
Computing Accuracy...
4407.0 5000 36.25950052574719 50
(:iter,61000,:trn,(0.9973333333333333,0.18201091284947854),:val,(0.8814,0.7251900105149438))
iter 61050
 
iter 61100
 
iter 61150
 
iter 61200
 
iter 61250
 
iter 61300
 
iter 61350
 
iter 61400
 
iter 61450
 
iter 61500
 
iter 61550
 
iter 61600
 
iter 61650
 
iter 61700
 
iter 61750
 
iter 61800
 
iter 61850
 
iter 61900
 
iter 61950
 
iter 62000
 
Computing Accuracy...
44886.0 45000 81.67586469791165 450
Computing Accuracy...
4405.0 5000 36.15873872284942 50
(:iter,62000,:trn,(0.9974666666666666,0.18150192155091477),:val,(0.881,0.7231747744569884))
iter 62050
 
iter 62100
 
iter 62150
 
iter 62200
 
iter 62250
 
iter 62300
 
iter 62350
 
iter 62400
 
iter 62450
 
iter 62500
 
iter 62550
 
iter 62600
 
iter 62650
 
iter 62700
 
iter 62750
 
iter 62800
 
iter 62850
 
iter 62900
 
iter 62950
 
iter 63000
 
Computing Accuracy...
44872.0 45000 81.68262780904767 450
Computing Accuracy...
4418.0 5000 35.98166822768667 50
(:iter,63000,:trn,(0.9971555555555556,0.18151695068677262),:val,(0.8836,0.7196333645537334))
iter 63050
 
iter 63100
 
iter 63150
 
iter 63200
 
iter 63250
 
iter 63300
 
iter 63350
 
iter 63400
 
iter 63450
 
iter 63500
 
iter 63550
 
iter 63600
 
iter 63650
 
iter 63700
 
iter 63750
 
iter 63800
 
iter 63850
 
iter 63900
 
iter 63950
 
iter 64000
 
Computing Accuracy...
44886.0 45000 81.22052813006086 450
Computing Accuracy...
4416.0 5000 36.3662893312351 50
(:iter,64000,:trn,(0.9974666666666666,0.18049006251124636),:val,(0.8832,0.727325786624702))
Computing Accuracy...
44878.0 45000 81.23079319346397 450
Computing Accuracy...
4409.0 5000 36.694208884204066 50
(:iter,250,:trn,(0.9972888888888889,0.18051287376325326),:val,(0.8818,0.7338841776840813))
Computing Accuracy...
44882.0 45000 81.18369358147262 450
Computing Accuracy...
4409.0 5000 36.56615356908074 50
(:iter,500,:trn,(0.9973777777777778,0.18040820795882806),:val,(0.8818,0.7313230713816148))
Computing Accuracy...
44884.0 45000 81.1724768452785 450
Computing Accuracy...
4410.0 5000 36.53725395009437 50
(:iter,750,:trn,(0.9974222222222222,0.18038328187839667),:val,(0.882,0.7307450790018873))
Computing Accuracy...
44884.0 45000 81.17357676402162 450
Computing Accuracy...
4411.0 5000 36.52058196419474 50
(:iter,1000,:trn,(0.9974222222222222,0.18038572614227028),:val,(0.8822,0.7304116392838949))
Computing Accuracy...
44882.0 45000 81.17232832784498 450
Computing Accuracy...
4410.0 5000 36.51462465437723 50
(:iter,1250,:trn,(0.9973777777777778,0.1803829518396555),:val,(0.882,0.7302924930875446))
Computing Accuracy...
44882.0 45000 81.1705004124214 450
Computing Accuracy...
4410.0 5000 36.51121090791595 50
(:iter,1500,:trn,(0.9973777777777778,0.1803788898053809),:val,(0.882,0.7302242181583191))
Computing Accuracy...
44882.0 45000 81.16792567602148 450
Computing Accuracy...
4410.0 5000 36.50904285878795 50
(:iter,1750,:trn,(0.9973777777777778,0.18037316816893662),:val,(0.882,0.730180857175759))
Computing Accuracy...
44881.0 45000 81.16640766330049 450
Computing Accuracy...
4410.0 5000 36.495926720429544 50
(:iter,2000,:trn,(0.9973555555555556,0.18036979480733442),:val,(0.882,0.7299185344085909))
Computing Accuracy...
44882.0 45000 81.16747651394789 450
Computing Accuracy...
4411.0 5000 36.48807237459554 50
(:iter,2250,:trn,(0.9973777777777778,0.18037217003099532),:val,(0.8822,0.7297614474919107))
Computing Accuracy...
44881.0 45000 81.1648028543115 450
Computing Accuracy...
4409.0 5000 36.47532980119079 50
(:iter,2500,:trn,(0.9973555555555556,0.18036622856513668),:val,(0.8818,0.7295065960238157))
Computing Accuracy...
44882.0 45000 81.16470327376156 450
Computing Accuracy...
4409.0 5000 36.47511425212708 50
(:iter,2750,:trn,(0.9973777777777778,0.1803660072750257),:val,(0.8818,0.7295022850425416))
Computing Accuracy...
44882.0 45000 81.16458017435886 450
Computing Accuracy...
4409.0 5000 36.465912102777565 50
(:iter,3000,:trn,(0.9973777777777778,0.18036573372079748),:val,(0.8818,0.7293182420555513))
Computing Accuracy...
44881.0 45000 81.16387760466341 450
Computing Accuracy...
4409.0 5000 36.45996378314604 50
(:iter,3250,:trn,(0.9973555555555556,0.18036417245480757),:val,(0.8818,0.7291992756629208))
Computing Accuracy...
44880.0 45000 81.16562370707281 450
Computing Accuracy...
4409.0 5000 36.45856898859708 50
(:iter,3500,:trn,(0.9973333333333333,0.180368052682384),:val,(0.8818,0.7291713797719416))
Computing Accuracy...
44880.0 45000 81.16545419867246 450
Computing Accuracy...
4409.0 5000 36.453759970572534 50
(:iter,3750,:trn,(0.9973333333333333,0.18036767599704992),:val,(0.8818,0.7290751994114507))
Computing Accuracy...
44882.0 45000 81.16510355763506 450
Computing Accuracy...
4409.0 5000 36.453461730110455 50
(:iter,4000,:trn,(0.9973777777777778,0.18036689679474457),:val,(0.8818,0.7290692346022091))
Computing Accuracy...
44881.0 45000 81.1650109351569 450
Computing Accuracy...
4409.0 5000 36.45644426965323 50
(:iter,4250,:trn,(0.9973555555555556,0.18036669096701533),:val,(0.8818,0.7291288853930646))
Computing Accuracy...
44882.0 45000 81.16425070802894 450
Computing Accuracy...
4409.0 5000 36.455617446054845 50
(:iter,4500,:trn,(0.9973777777777778,0.18036500157339766),:val,(0.8818,0.7291123489210969))
Computing Accuracy...
44882.0 45000 81.16303928827423 450
Computing Accuracy...
4409.0 5000 36.4561233053491 50
(:iter,4750,:trn,(0.9973777777777778,0.1803623095294983),:val,(0.8818,0.7291224661069821))
Computing Accuracy...
44881.0 45000 81.162862961128 450
Computing Accuracy...
4409.0 5000 36.454392445646405 50
(:iter,5000,:trn,(0.9973555555555556,0.18036191769139556),:val,(0.8818,0.7290878489129281))
Computing Accuracy...
8776.0 10000 74.56733945914003 100
Final accuracy(0.8776,0.7456733945914003)
